<?xml version="1.0" encoding="UTF-8"?>
<testsuites>
  <testsuite name="" tests="923" assertions="3515" errors="0" failures="0" skipped="0" time="59.377852">
    <testsuite name="Tests\Feature\Answer\AnswerDestroyTest" file="/Applications/XAMPP/xamppfiles/htdocs/faq/tests/Feature/Answer/AnswerDestroyTest.php" tests="6" assertions="12" errors="0" failures="0" skipped="0" time="0.362897">
      <testcase name="test_owner_can_delete_unpublished_answer" class="Tests\Feature\Answer\AnswerDestroyTest" classname="Tests.Feature.Answer.AnswerDestroyTest" file="/Applications/XAMPP/xamppfiles/htdocs/faq/tests/Feature/Answer/AnswerDestroyTest.php" line="16" assertions="3" time="0.146192"/>
      <testcase name="test_guest_cannot_delete_answer" class="Tests\Feature\Answer\AnswerDestroyTest" classname="Tests.Feature.Answer.AnswerDestroyTest" file="/Applications/XAMPP/xamppfiles/htdocs/faq/tests/Feature/Answer/AnswerDestroyTest.php" line="29" assertions="2" time="0.044323"/>
      <testcase name="test_non_owner_cannot_delete_unpublished_answer_even_as_admin" class="Tests\Feature\Answer\AnswerDestroyTest" classname="Tests.Feature.Answer.AnswerDestroyTest" file="/Applications/XAMPP/xamppfiles/htdocs/faq/tests/Feature/Answer/AnswerDestroyTest.php" line="39" assertions="2" time="0.047100"/>
      <testcase name="test_owner_cannot_delete_published_answer" class="Tests\Feature\Answer\AnswerDestroyTest" classname="Tests.Feature.Answer.AnswerDestroyTest" file="/Applications/XAMPP/xamppfiles/htdocs/faq/tests/Feature/Answer/AnswerDestroyTest.php" line="53" assertions="2" time="0.045343"/>
      <testcase name="test_delete_returns_404_for_missing_answer" class="Tests\Feature\Answer\AnswerDestroyTest" classname="Tests.Feature.Answer.AnswerDestroyTest" file="/Applications/XAMPP/xamppfiles/htdocs/faq/tests/Feature/Answer/AnswerDestroyTest.php" line="66" assertions="1" time="0.032985"/>
      <testcase name="test_idor_attacker_cannot_delete_victim_draft" class="Tests\Feature\Answer\AnswerDestroyTest" classname="Tests.Feature.Answer.AnswerDestroyTest" file="/Applications/XAMPP/xamppfiles/htdocs/faq/tests/Feature/Answer/AnswerDestroyTest.php" line="73" assertions="2" time="0.046955"/>
    </testsuite>
    <testsuite name="Tests\Feature\Answer\AnswerIndexTest" file="/Applications/XAMPP/xamppfiles/htdocs/faq/tests/Feature/Answer/AnswerIndexTest.php" tests="13" assertions="73" errors="0" failures="0" skipped="0" time="0.890986">
      <testcase name="test_guest_can_list_published_answers_with_pagination_meta" class="Tests\Feature\Answer\AnswerIndexTest" classname="Tests.Feature.Answer.AnswerIndexTest" file="/Applications/XAMPP/xamppfiles/htdocs/faq/tests/Feature/Answer/AnswerIndexTest.php" line="18" assertions="31" time="0.132378"/>
      <testcase name="test_index_paginates_ten_answers_per_page" class="Tests\Feature\Answer\AnswerIndexTest" classname="Tests.Feature.Answer.AnswerIndexTest" file="/Applications/XAMPP/xamppfiles/htdocs/faq/tests/Feature/Answer/AnswerIndexTest.php" line="49" assertions="8" time="0.139387"/>
      <testcase name="test_authenticated_user_sees_own_unpublished_answers" class="Tests\Feature\Answer\AnswerIndexTest" classname="Tests.Feature.Answer.AnswerIndexTest" file="/Applications/XAMPP/xamppfiles/htdocs/faq/tests/Feature/Answer/AnswerIndexTest.php" line="68" assertions="3" time="0.075311"/>
      <testcase name="test_higher_level_user_sees_lower_level_unpublished_answers" class="Tests\Feature\Answer\AnswerIndexTest" classname="Tests.Feature.Answer.AnswerIndexTest" file="/Applications/XAMPP/xamppfiles/htdocs/faq/tests/Feature/Answer/AnswerIndexTest.php" line="91" assertions="2" time="0.062247"/>
      <testcase name="test_same_level_user_cannot_see_another_users_unpublished_answer" class="Tests\Feature\Answer\AnswerIndexTest" classname="Tests.Feature.Answer.AnswerIndexTest" file="/Applications/XAMPP/xamppfiles/htdocs/faq/tests/Feature/Answer/AnswerIndexTest.php" line="107" assertions="2" time="0.039921"/>
      <testcase name="test_index_sort_newest_is_default_and_explicit" class="Tests\Feature\Answer\AnswerIndexTest" classname="Tests.Feature.Answer.AnswerIndexTest" file="/Applications/XAMPP/xamppfiles/htdocs/faq/tests/Feature/Answer/AnswerIndexTest.php" line="123" assertions="5" time="0.058719"/>
      <testcase name="test_index_sort_oldest_orders_ascending" class="Tests\Feature\Answer\AnswerIndexTest" classname="Tests.Feature.Answer.AnswerIndexTest" file="/Applications/XAMPP/xamppfiles/htdocs/faq/tests/Feature/Answer/AnswerIndexTest.php" line="143" assertions="3" time="0.064747"/>
      <testcase name="test_index_sort_votes_orders_by_net_score" class="Tests\Feature\Answer\AnswerIndexTest" classname="Tests.Feature.Answer.AnswerIndexTest" file="/Applications/XAMPP/xamppfiles/htdocs/faq/tests/Feature/Answer/AnswerIndexTest.php" line="155" assertions="3" time="0.058066"/>
      <testcase name="test_index_sort_comments_orders_by_comment_count" class="Tests\Feature\Answer\AnswerIndexTest" classname="Tests.Feature.Answer.AnswerIndexTest" file="/Applications/XAMPP/xamppfiles/htdocs/faq/tests/Feature/Answer/AnswerIndexTest.php" line="171" assertions="3" time="0.065035"/>
      <testcase name="test_index_sort_correct_returns_only_correct_answers" class="Tests\Feature\Answer\AnswerIndexTest" classname="Tests.Feature.Answer.AnswerIndexTest" file="/Applications/XAMPP/xamppfiles/htdocs/faq/tests/Feature/Answer/AnswerIndexTest.php" line="192" assertions="4" time="0.053521"/>
      <testcase name="test_index_only_returns_answers_for_requested_question" class="Tests\Feature\Answer\AnswerIndexTest" classname="Tests.Feature.Answer.AnswerIndexTest" file="/Applications/XAMPP/xamppfiles/htdocs/faq/tests/Feature/Answer/AnswerIndexTest.php" line="205" assertions="3" time="0.053868"/>
      <testcase name="test_index_returns_404_for_missing_question" class="Tests\Feature\Answer\AnswerIndexTest" classname="Tests.Feature.Answer.AnswerIndexTest" file="/Applications/XAMPP/xamppfiles/htdocs/faq/tests/Feature/Answer/AnswerIndexTest.php" line="218" assertions="1" time="0.035017"/>
      <testcase name="test_guest_can_abilities_are_false" class="Tests\Feature\Answer\AnswerIndexTest" classname="Tests.Feature.Answer.AnswerIndexTest" file="/Applications/XAMPP/xamppfiles/htdocs/faq/tests/Feature/Answer/AnswerIndexTest.php" line="223" assertions="5" time="0.052769"/>
    </testsuite>
    <testsuite name="Tests\Feature\Answer\AnswerPublishTest" file="/Applications/XAMPP/xamppfiles/htdocs/faq/tests/Feature/Answer/AnswerPublishTest.php" tests="9" assertions="22" errors="0" failures="0" skipped="0" time="0.558105">
      <testsuite name="Tests\Feature\Answer\AnswerPublishTest::test_cannot_publish_answer_from_same_or_higher_level" tests="2" assertions="2" errors="0" failures="0" skipped="0" time="0.096789">
        <testcase name="test_cannot_publish_answer_from_same_or_higher_level with data set &quot;same level&quot;" class="Tests\Feature\Answer\AnswerPublishTest" classname="Tests.Feature.Answer.AnswerPublishTest" file="/Applications/XAMPP/xamppfiles/htdocs/faq/tests/Feature/Answer/AnswerPublishTest.php" line="132" assertions="1" time="0.046543"/>
        <testcase name="test_cannot_publish_answer_from_same_or_higher_level with data set &quot;lower than author&quot;" class="Tests\Feature\Answer\AnswerPublishTest" classname="Tests.Feature.Answer.AnswerPublishTest" file="/Applications/XAMPP/xamppfiles/htdocs/faq/tests/Feature/Answer/AnswerPublishTest.php" line="132" assertions="1" time="0.050245"/>
      </testsuite>
      <testcase name="test_higher_level_user_can_publish_lower_level_users_answer_and_awards_scores" class="Tests\Feature\Answer\AnswerPublishTest" classname="Tests.Feature.Answer.AnswerPublishTest" file="/Applications/XAMPP/xamppfiles/htdocs/faq/tests/Feature/Answer/AnswerPublishTest.php" line="20" assertions="10" time="0.170433"/>
      <testcase name="test_publish_does_not_notify_when_question_has_no_owner" class="Tests\Feature\Answer\AnswerPublishTest" classname="Tests.Feature.Answer.AnswerPublishTest" file="/Applications/XAMPP/xamppfiles/htdocs/faq/tests/Feature/Answer/AnswerPublishTest.php" line="67" assertions="2" time="0.060183"/>
      <testcase name="test_guest_cannot_publish_answer" class="Tests\Feature\Answer\AnswerPublishTest" classname="Tests.Feature.Answer.AnswerPublishTest" file="/Applications/XAMPP/xamppfiles/htdocs/faq/tests/Feature/Answer/AnswerPublishTest.php" line="86" assertions="2" time="0.045891"/>
      <testcase name="test_owner_cannot_publish_own_answer" class="Tests\Feature\Answer\AnswerPublishTest" classname="Tests.Feature.Answer.AnswerPublishTest" file="/Applications/XAMPP/xamppfiles/htdocs/faq/tests/Feature/Answer/AnswerPublishTest.php" line="96" assertions="3" time="0.064967"/>
      <testcase name="test_level_two_or_below_cannot_publish_any_answer" class="Tests\Feature\Answer\AnswerPublishTest" classname="Tests.Feature.Answer.AnswerPublishTest" file="/Applications/XAMPP/xamppfiles/htdocs/faq/tests/Feature/Answer/AnswerPublishTest.php" line="109" assertions="1" time="0.042343"/>
      <testcase name="test_cannot_publish_already_published_answer" class="Tests\Feature\Answer\AnswerPublishTest" classname="Tests.Feature.Answer.AnswerPublishTest" file="/Applications/XAMPP/xamppfiles/htdocs/faq/tests/Feature/Answer/AnswerPublishTest.php" line="120" assertions="1" time="0.042529"/>
      <testcase name="test_publish_returns_404_for_missing_answer" class="Tests\Feature\Answer\AnswerPublishTest" classname="Tests.Feature.Answer.AnswerPublishTest" file="/Applications/XAMPP/xamppfiles/htdocs/faq/tests/Feature/Answer/AnswerPublishTest.php" line="153" assertions="1" time="0.034970"/>
    </testsuite>
    <testsuite name="Tests\Feature\Answer\AnswerSecurityTest" file="/Applications/XAMPP/xamppfiles/htdocs/faq/tests/Feature/Answer/AnswerSecurityTest.php" tests="9" assertions="36" errors="0" failures="0" skipped="0" time="0.581853">
      <testcase name="test_mass_assignment_cannot_override_user_id_or_published_on_store" class="Tests\Feature\Answer\AnswerSecurityTest" classname="Tests.Feature.Answer.AnswerSecurityTest" file="/Applications/XAMPP/xamppfiles/htdocs/faq/tests/Feature/Answer/AnswerSecurityTest.php" line="17" assertions="5" time="0.152717"/>
      <testcase name="test_nested_user_resource_hides_email_and_mobile_from_other_users" class="Tests\Feature\Answer\AnswerSecurityTest" classname="Tests.Feature.Answer.AnswerSecurityTest" file="/Applications/XAMPP/xamppfiles/htdocs/faq/tests/Feature/Answer/AnswerSecurityTest.php" line="38" assertions="5" time="0.050440"/>
      <testcase name="test_author_seeing_own_answer_receives_email_in_user_resource" class="Tests\Feature\Answer\AnswerSecurityTest" classname="Tests.Feature.Answer.AnswerSecurityTest" file="/Applications/XAMPP/xamppfiles/htdocs/faq/tests/Feature/Answer/AnswerSecurityTest.php" line="60" assertions="2" time="0.057728"/>
      <testcase name="test_sql_injection_in_sort_param_does_not_break_index" class="Tests\Feature\Answer\AnswerSecurityTest" classname="Tests.Feature.Answer.AnswerSecurityTest" file="/Applications/XAMPP/xamppfiles/htdocs/faq/tests/Feature/Answer/AnswerSecurityTest.php" line="73" assertions="2" time="0.065833"/>
      <testcase name="test_xss_payload_is_stripped_on_update_but_not_on_store" class="Tests\Feature\Answer\AnswerSecurityTest" classname="Tests.Feature.Answer.AnswerSecurityTest" file="/Applications/XAMPP/xamppfiles/htdocs/faq/tests/Feature/Answer/AnswerSecurityTest.php" line="84" assertions="5" time="0.058459"/>
      <testcase name="test_can_permissions_in_resource_reflect_policy_for_authenticated_user" class="Tests\Feature\Answer\AnswerSecurityTest" classname="Tests.Feature.Answer.AnswerSecurityTest" file="/Applications/XAMPP/xamppfiles/htdocs/faq/tests/Feature/Answer/AnswerSecurityTest.php" line="106" assertions="10" time="0.057485"/>
      <testcase name="test_idor_cannot_publish_victims_answer_without_level_privilege" class="Tests\Feature\Answer\AnswerSecurityTest" classname="Tests.Feature.Answer.AnswerSecurityTest" file="/Applications/XAMPP/xamppfiles/htdocs/faq/tests/Feature/Answer/AnswerSecurityTest.php" line="132" assertions="2" time="0.048598"/>
      <testcase name="test_idor_cannot_toggle_correctness_on_higher_level_users_answer" class="Tests\Feature\Answer\AnswerSecurityTest" classname="Tests.Feature.Answer.AnswerSecurityTest" file="/Applications/XAMPP/xamppfiles/htdocs/faq/tests/Feature/Answer/AnswerSecurityTest.php" line="144" assertions="2" time="0.045517"/>
      <testcase name="test_admin_flag_does_not_bypass_update_or_delete_policy" class="Tests\Feature\Answer\AnswerSecurityTest" classname="Tests.Feature.Answer.AnswerSecurityTest" file="/Applications/XAMPP/xamppfiles/htdocs/faq/tests/Feature/Answer/AnswerSecurityTest.php" line="159" assertions="3" time="0.045076"/>
    </testsuite>
    <testsuite name="Tests\Feature\Answer\AnswerStoreTest" file="/Applications/XAMPP/xamppfiles/htdocs/faq/tests/Feature/Answer/AnswerStoreTest.php" tests="13" assertions="51" errors="0" failures="0" skipped="0" time="5.121729">
      <testsuite name="Tests\Feature\Answer\AnswerStoreTest::test_store_validation_rejects_invalid_payloads" tests="5" assertions="20" errors="0" failures="0" skipped="0" time="2.381961">
        <testcase name="test_store_validation_rejects_invalid_payloads with data set &quot;missing content&quot;" class="Tests\Feature\Answer\AnswerStoreTest" classname="Tests.Feature.Answer.AnswerStoreTest" file="/Applications/XAMPP/xamppfiles/htdocs/faq/tests/Feature/Answer/AnswerStoreTest.php" line="87" assertions="4" time="0.042305"/>
        <testcase name="test_store_validation_rejects_invalid_payloads with data set &quot;null content&quot;" class="Tests\Feature\Answer\AnswerStoreTest" classname="Tests.Feature.Answer.AnswerStoreTest" file="/Applications/XAMPP/xamppfiles/htdocs/faq/tests/Feature/Answer/AnswerStoreTest.php" line="87" assertions="4" time="0.044964"/>
        <testcase name="test_store_validation_rejects_invalid_payloads with data set &quot;empty content&quot;" class="Tests\Feature\Answer\AnswerStoreTest" classname="Tests.Feature.Answer.AnswerStoreTest" file="/Applications/XAMPP/xamppfiles/htdocs/faq/tests/Feature/Answer/AnswerStoreTest.php" line="87" assertions="4" time="0.044156"/>
        <testcase name="test_store_validation_rejects_invalid_payloads with data set &quot;non-string content&quot;" class="Tests\Feature\Answer\AnswerStoreTest" classname="Tests.Feature.Answer.AnswerStoreTest" file="/Applications/XAMPP/xamppfiles/htdocs/faq/tests/Feature/Answer/AnswerStoreTest.php" line="87" assertions="4" time="0.039288"/>
        <testcase name="test_store_validation_rejects_invalid_payloads with data set &quot;content exceeding max length&quot;" class="Tests\Feature\Answer\AnswerStoreTest" classname="Tests.Feature.Answer.AnswerStoreTest" file="/Applications/XAMPP/xamppfiles/htdocs/faq/tests/Feature/Answer/AnswerStoreTest.php" line="87" assertions="4" time="2.211248"/>
      </testsuite>
      <testcase name="test_guest_cannot_create_answer" class="Tests\Feature\Answer\AnswerStoreTest" classname="Tests.Feature.Answer.AnswerStoreTest" file="/Applications/XAMPP/xamppfiles/htdocs/faq/tests/Feature/Answer/AnswerStoreTest.php" line="19" assertions="2" time="0.082294"/>
      <testcase name="test_authenticated_user_can_create_unpublished_answer" class="Tests\Feature\Answer\AnswerStoreTest" classname="Tests.Feature.Answer.AnswerStoreTest" file="/Applications/XAMPP/xamppfiles/htdocs/faq/tests/Feature/Answer/AnswerStoreTest.php" line="29" assertions="9" time="0.098642"/>
      <testcase name="test_store_does_not_award_score_on_create" class="Tests\Feature\Answer\AnswerStoreTest" classname="Tests.Feature.Answer.AnswerStoreTest" file="/Applications/XAMPP/xamppfiles/htdocs/faq/tests/Feature/Answer/AnswerStoreTest.php" line="66" assertions="3" time="0.044795"/>
      <testcase name="test_store_returns_404_for_missing_question" class="Tests\Feature\Answer\AnswerStoreTest" classname="Tests.Feature.Answer.AnswerStoreTest" file="/Applications/XAMPP/xamppfiles/htdocs/faq/tests/Feature/Answer/AnswerStoreTest.php" line="78" assertions="1" time="0.038754"/>
      <testcase name="test_store_accepts_content_at_max_length_boundary" class="Tests\Feature\Answer\AnswerStoreTest" classname="Tests.Feature.Answer.AnswerStoreTest" file="/Applications/XAMPP/xamppfiles/htdocs/faq/tests/Feature/Answer/AnswerStoreTest.php" line="125" assertions="3" time="2.306528"/>
      <testcase name="test_store_ignores_mass_assignment_of_privileged_fields" class="Tests\Feature\Answer\AnswerStoreTest" classname="Tests.Feature.Answer.AnswerStoreTest" file="/Applications/XAMPP/xamppfiles/htdocs/faq/tests/Feature/Answer/AnswerStoreTest.php" line="141" assertions="7" time="0.058962"/>
      <testcase name="test_store_persists_script_tags_because_controller_skips_validated" class="Tests\Feature\Answer\AnswerStoreTest" classname="Tests.Feature.Answer.AnswerStoreTest" file="/Applications/XAMPP/xamppfiles/htdocs/faq/tests/Feature/Answer/AnswerStoreTest.php" line="167" assertions="2" time="0.051569"/>
      <testcase name="test_multiple_users_can_answer_same_question" class="Tests\Feature\Answer\AnswerStoreTest" classname="Tests.Feature.Answer.AnswerStoreTest" file="/Applications/XAMPP/xamppfiles/htdocs/faq/tests/Feature/Answer/AnswerStoreTest.php" line="182" assertions="4" time="0.058223"/>
    </testsuite>
    <testsuite name="Tests\Feature\Answer\AnswerToggleCorrectnessTest" file="/Applications/XAMPP/xamppfiles/htdocs/faq/tests/Feature/Answer/AnswerToggleCorrectnessTest.php" tests="17" assertions="55" errors="0" failures="0" skipped="0" time="1.13443">
      <testsuite name="Tests\Feature\Answer\AnswerToggleCorrectnessTest::test_mark_as_correct_allowed_for_qualifying_levels" tests="3" assertions="6" errors="0" failures="0" skipped="0" time="0.172658">
        <testcase name="test_mark_as_correct_allowed_for_qualifying_levels with data set &quot;level 4&quot;" class="Tests\Feature\Answer\AnswerToggleCorrectnessTest" classname="Tests.Feature.Answer.AnswerToggleCorrectnessTest" file="/Applications/XAMPP/xamppfiles/htdocs/faq/tests/Feature/Answer/AnswerToggleCorrectnessTest.php" line="319" assertions="2" time="0.047385"/>
        <testcase name="test_mark_as_correct_allowed_for_qualifying_levels with data set &quot;level 5&quot;" class="Tests\Feature\Answer\AnswerToggleCorrectnessTest" classname="Tests.Feature.Answer.AnswerToggleCorrectnessTest" file="/Applications/XAMPP/xamppfiles/htdocs/faq/tests/Feature/Answer/AnswerToggleCorrectnessTest.php" line="319" assertions="2" time="0.060689"/>
        <testcase name="test_mark_as_correct_allowed_for_qualifying_levels with data set &quot;level 6&quot;" class="Tests\Feature\Answer\AnswerToggleCorrectnessTest" classname="Tests.Feature.Answer.AnswerToggleCorrectnessTest" file="/Applications/XAMPP/xamppfiles/htdocs/faq/tests/Feature/Answer/AnswerToggleCorrectnessTest.php" line="319" assertions="2" time="0.064583"/>
      </testsuite>
      <testcase name="test_level_four_user_can_mark_answer_as_correct_and_awards_scores" class="Tests\Feature\Answer\AnswerToggleCorrectnessTest" classname="Tests.Feature.Answer.AnswerToggleCorrectnessTest" file="/Applications/XAMPP/xamppfiles/htdocs/faq/tests/Feature/Answer/AnswerToggleCorrectnessTest.php" line="19" assertions="9" time="0.069489"/>
      <testcase name="test_level_five_user_can_mark_correct_answer_as_normal_when_not_original_marker" class="Tests\Feature\Answer\AnswerToggleCorrectnessTest" classname="Tests.Feature.Answer.AnswerToggleCorrectnessTest" file="/Applications/XAMPP/xamppfiles/htdocs/faq/tests/Feature/Answer/AnswerToggleCorrectnessTest.php" line="53" assertions="8" time="0.053629"/>
      <testcase name="test_guest_cannot_toggle_correctness" class="Tests\Feature\Answer\AnswerToggleCorrectnessTest" classname="Tests.Feature.Answer.AnswerToggleCorrectnessTest" file="/Applications/XAMPP/xamppfiles/htdocs/faq/tests/Feature/Answer/AnswerToggleCorrectnessTest.php" line="86" assertions="1" time="0.041693"/>
      <testcase name="test_user_cannot_toggle_correctness_on_own_answer" class="Tests\Feature\Answer\AnswerToggleCorrectnessTest" classname="Tests.Feature.Answer.AnswerToggleCorrectnessTest" file="/Applications/XAMPP/xamppfiles/htdocs/faq/tests/Feature/Answer/AnswerToggleCorrectnessTest.php" line="94" assertions="4" time="0.047213"/>
      <testcase name="test_level_below_four_cannot_mark_as_correct" class="Tests\Feature\Answer\AnswerToggleCorrectnessTest" classname="Tests.Feature.Answer.AnswerToggleCorrectnessTest" file="/Applications/XAMPP/xamppfiles/htdocs/faq/tests/Feature/Answer/AnswerToggleCorrectnessTest.php" line="112" assertions="2" time="0.044939"/>
      <testcase name="test_level_four_cannot_mark_as_normal" class="Tests\Feature\Answer\AnswerToggleCorrectnessTest" classname="Tests.Feature.Answer.AnswerToggleCorrectnessTest" file="/Applications/XAMPP/xamppfiles/htdocs/faq/tests/Feature/Answer/AnswerToggleCorrectnessTest.php" line="128" assertions="2" time="0.043969"/>
      <testcase name="test_cannot_act_on_same_or_higher_level_author" class="Tests\Feature\Answer\AnswerToggleCorrectnessTest" classname="Tests.Feature.Answer.AnswerToggleCorrectnessTest" file="/Applications/XAMPP/xamppfiles/htdocs/faq/tests/Feature/Answer/AnswerToggleCorrectnessTest.php" line="144" assertions="2" time="0.064237"/>
      <testcase name="test_original_correct_marker_cannot_unmark_same_answer" class="Tests\Feature\Answer\AnswerToggleCorrectnessTest" classname="Tests.Feature.Answer.AnswerToggleCorrectnessTest" file="/Applications/XAMPP/xamppfiles/htdocs/faq/tests/Feature/Answer/AnswerToggleCorrectnessTest.php" line="163" assertions="5" time="0.063038"/>
      <testcase name="test_correct_mark_quota_equals_user_level" class="Tests\Feature\Answer\AnswerToggleCorrectnessTest" classname="Tests.Feature.Answer.AnswerToggleCorrectnessTest" file="/Applications/XAMPP/xamppfiles/htdocs/faq/tests/Feature/Answer/AnswerToggleCorrectnessTest.php" line="186" assertions="2" time="0.083934"/>
      <testcase name="test_normal_mark_quota_equals_user_level" class="Tests\Feature\Answer\AnswerToggleCorrectnessTest" classname="Tests.Feature.Answer.AnswerToggleCorrectnessTest" file="/Applications/XAMPP/xamppfiles/htdocs/faq/tests/Feature/Answer/AnswerToggleCorrectnessTest.php" line="211" assertions="2" time="0.094739"/>
      <testcase name="test_marking_correct_solves_question" class="Tests\Feature\Answer\AnswerToggleCorrectnessTest" classname="Tests.Feature.Answer.AnswerToggleCorrectnessTest" file="/Applications/XAMPP/xamppfiles/htdocs/faq/tests/Feature/Answer/AnswerToggleCorrectnessTest.php" line="238" assertions="3" time="0.069907"/>
      <testcase name="test_unmarking_last_correct_answer_unsolves_question" class="Tests\Feature\Answer\AnswerToggleCorrectnessTest" classname="Tests.Feature.Answer.AnswerToggleCorrectnessTest" file="/Applications/XAMPP/xamppfiles/htdocs/faq/tests/Feature/Answer/AnswerToggleCorrectnessTest.php" line="256" assertions="3" time="0.070003"/>
      <testcase name="test_toggle_returns_404_for_missing_answer" class="Tests\Feature\Answer\AnswerToggleCorrectnessTest" classname="Tests.Feature.Answer.AnswerToggleCorrectnessTest" file="/Applications/XAMPP/xamppfiles/htdocs/faq/tests/Feature/Answer/AnswerToggleCorrectnessTest.php" line="280" assertions="1" time="0.045657"/>
      <testcase name="test_same_user_cannot_create_duplicate_mark_row_via_re_toggle_after_external_unmark" class="Tests\Feature\Answer\AnswerToggleCorrectnessTest" classname="Tests.Feature.Answer.AnswerToggleCorrectnessTest" file="/Applications/XAMPP/xamppfiles/htdocs/faq/tests/Feature/Answer/AnswerToggleCorrectnessTest.php" line="287" assertions="5" time="0.169325"/>
    </testsuite>
    <testsuite name="Tests\Feature\Answer\AnswerUpdateTest" file="/Applications/XAMPP/xamppfiles/htdocs/faq/tests/Feature/Answer/AnswerUpdateTest.php" tests="13" assertions="36" errors="0" failures="0" skipped="0" time="2.870684">
      <testsuite name="Tests\Feature\Answer\AnswerUpdateTest::test_update_validation_rejects_invalid_payloads" tests="5" assertions="15" errors="0" failures="0" skipped="0" time="2.406661">
        <testcase name="test_update_validation_rejects_invalid_payloads with data set &quot;missing content&quot;" class="Tests\Feature\Answer\AnswerUpdateTest" classname="Tests.Feature.Answer.AnswerUpdateTest" file="/Applications/XAMPP/xamppfiles/htdocs/faq/tests/Feature/Answer/AnswerUpdateTest.php" line="100" assertions="3" time="0.058484"/>
        <testcase name="test_update_validation_rejects_invalid_payloads with data set &quot;null content&quot;" class="Tests\Feature\Answer\AnswerUpdateTest" classname="Tests.Feature.Answer.AnswerUpdateTest" file="/Applications/XAMPP/xamppfiles/htdocs/faq/tests/Feature/Answer/AnswerUpdateTest.php" line="100" assertions="3" time="0.043418"/>
        <testcase name="test_update_validation_rejects_invalid_payloads with data set &quot;empty content&quot;" class="Tests\Feature\Answer\AnswerUpdateTest" classname="Tests.Feature.Answer.AnswerUpdateTest" file="/Applications/XAMPP/xamppfiles/htdocs/faq/tests/Feature/Answer/AnswerUpdateTest.php" line="100" assertions="3" time="0.042426"/>
        <testcase name="test_update_validation_rejects_invalid_payloads with data set &quot;non-string content&quot;" class="Tests\Feature\Answer\AnswerUpdateTest" classname="Tests.Feature.Answer.AnswerUpdateTest" file="/Applications/XAMPP/xamppfiles/htdocs/faq/tests/Feature/Answer/AnswerUpdateTest.php" line="100" assertions="3" time="0.044486"/>
        <testcase name="test_update_validation_rejects_invalid_payloads with data set &quot;content exceeding max length&quot;" class="Tests\Feature\Answer\AnswerUpdateTest" classname="Tests.Feature.Answer.AnswerUpdateTest" file="/Applications/XAMPP/xamppfiles/htdocs/faq/tests/Feature/Answer/AnswerUpdateTest.php" line="100" assertions="3" time="2.217848"/>
      </testsuite>
      <testcase name="test_owner_can_update_unpublished_answer" class="Tests\Feature\Answer\AnswerUpdateTest" classname="Tests.Feature.Answer.AnswerUpdateTest" file="/Applications/XAMPP/xamppfiles/htdocs/faq/tests/Feature/Answer/AnswerUpdateTest.php" line="17" assertions="4" time="0.126934"/>
      <testcase name="test_guest_cannot_update_answer" class="Tests\Feature\Answer\AnswerUpdateTest" classname="Tests.Feature.Answer.AnswerUpdateTest" file="/Applications/XAMPP/xamppfiles/htdocs/faq/tests/Feature/Answer/AnswerUpdateTest.php" line="42" assertions="1" time="0.043909"/>
      <testcase name="test_non_owner_cannot_update_unpublished_answer" class="Tests\Feature\Answer\AnswerUpdateTest" classname="Tests.Feature.Answer.AnswerUpdateTest" file="/Applications/XAMPP/xamppfiles/htdocs/faq/tests/Feature/Answer/AnswerUpdateTest.php" line="50" assertions="2" time="0.042141"/>
      <testcase name="test_owner_cannot_update_published_answer" class="Tests\Feature\Answer\AnswerUpdateTest" classname="Tests.Feature.Answer.AnswerUpdateTest" file="/Applications/XAMPP/xamppfiles/htdocs/faq/tests/Feature/Answer/AnswerUpdateTest.php" line="71" assertions="2" time="0.042776"/>
      <testcase name="test_update_returns_404_for_missing_answer" class="Tests\Feature\Answer\AnswerUpdateTest" classname="Tests.Feature.Answer.AnswerUpdateTest" file="/Applications/XAMPP/xamppfiles/htdocs/faq/tests/Feature/Answer/AnswerUpdateTest.php" line="91" assertions="1" time="0.035220"/>
      <testcase name="test_update_sanitizes_html_via_validated" class="Tests\Feature\Answer\AnswerUpdateTest" classname="Tests.Feature.Answer.AnswerUpdateTest" file="/Applications/XAMPP/xamppfiles/htdocs/faq/tests/Feature/Answer/AnswerUpdateTest.php" line="137" assertions="3" time="0.043580"/>
      <testcase name="test_update_ignores_mass_assignment_of_privileged_fields" class="Tests\Feature\Answer\AnswerUpdateTest" classname="Tests.Feature.Answer.AnswerUpdateTest" file="/Applications/XAMPP/xamppfiles/htdocs/faq/tests/Feature/Answer/AnswerUpdateTest.php" line="152" assertions="6" time="0.062360"/>
      <testcase name="test_idor_attacker_cannot_update_another_users_draft_by_id" class="Tests\Feature\Answer\AnswerUpdateTest" classname="Tests.Feature.Answer.AnswerUpdateTest" file="/Applications/XAMPP/xamppfiles/htdocs/faq/tests/Feature/Answer/AnswerUpdateTest.php" line="176" assertions="2" time="0.067103"/>
    </testsuite>
    <testsuite name="Tests\Feature\Answer\AnswerVoteTest" file="/Applications/XAMPP/xamppfiles/htdocs/faq/tests/Feature/Answer/AnswerVoteTest.php" tests="12" assertions="40" errors="0" failures="0" skipped="0" time="0.666304">
      <testsuite name="Tests\Feature\Answer\AnswerVoteTest::test_vote_validation" tests="5" assertions="15" errors="0" failures="0" skipped="0" time="0.232788">
        <testcase name="test_vote_validation with data set &quot;missing type&quot;" class="Tests\Feature\Answer\AnswerVoteTest" classname="Tests.Feature.Answer.AnswerVoteTest" file="/Applications/XAMPP/xamppfiles/htdocs/faq/tests/Feature/Answer/AnswerVoteTest.php" line="116" assertions="3" time="0.045583"/>
        <testcase name="test_vote_validation with data set &quot;invalid type&quot;" class="Tests\Feature\Answer\AnswerVoteTest" classname="Tests.Feature.Answer.AnswerVoteTest" file="/Applications/XAMPP/xamppfiles/htdocs/faq/tests/Feature/Answer/AnswerVoteTest.php" line="116" assertions="3" time="0.045000"/>
        <testcase name="test_vote_validation with data set &quot;null type&quot;" class="Tests\Feature\Answer\AnswerVoteTest" classname="Tests.Feature.Answer.AnswerVoteTest" file="/Applications/XAMPP/xamppfiles/htdocs/faq/tests/Feature/Answer/AnswerVoteTest.php" line="116" assertions="3" time="0.048709"/>
        <testcase name="test_vote_validation with data set &quot;empty type&quot;" class="Tests\Feature\Answer\AnswerVoteTest" classname="Tests.Feature.Answer.AnswerVoteTest" file="/Applications/XAMPP/xamppfiles/htdocs/faq/tests/Feature/Answer/AnswerVoteTest.php" line="116" assertions="3" time="0.046340"/>
        <testcase name="test_vote_validation with data set &quot;numeric type&quot;" class="Tests\Feature\Answer\AnswerVoteTest" classname="Tests.Feature.Answer.AnswerVoteTest" file="/Applications/XAMPP/xamppfiles/htdocs/faq/tests/Feature/Answer/AnswerVoteTest.php" line="116" assertions="3" time="0.047156"/>
      </testsuite>
      <testcase name="test_authenticated_user_can_upvote_and_owner_gains_ten_score" class="Tests\Feature\Answer\AnswerVoteTest" classname="Tests.Feature.Answer.AnswerVoteTest" file="/Applications/XAMPP/xamppfiles/htdocs/faq/tests/Feature/Answer/AnswerVoteTest.php" line="18" assertions="5" time="0.125082"/>
      <testcase name="test_authenticated_user_can_downvote_and_owner_loses_two_score" class="Tests\Feature\Answer\AnswerVoteTest" classname="Tests.Feature.Answer.AnswerVoteTest" file="/Applications/XAMPP/xamppfiles/htdocs/faq/tests/Feature/Answer/AnswerVoteTest.php" line="50" assertions="3" time="0.049099"/>
      <testcase name="test_user_cannot_vote_twice_or_change_vote_type" class="Tests\Feature\Answer\AnswerVoteTest" classname="Tests.Feature.Answer.AnswerVoteTest" file="/Applications/XAMPP/xamppfiles/htdocs/faq/tests/Feature/Answer/AnswerVoteTest.php" line="69" assertions="8" time="0.056858"/>
      <testcase name="test_guest_cannot_vote" class="Tests\Feature\Answer\AnswerVoteTest" classname="Tests.Feature.Answer.AnswerVoteTest" file="/Applications/XAMPP/xamppfiles/htdocs/faq/tests/Feature/Answer/AnswerVoteTest.php" line="92" assertions="1" time="0.046119"/>
      <testcase name="test_user_can_vote_on_own_answer" class="Tests\Feature\Answer\AnswerVoteTest" classname="Tests.Feature.Answer.AnswerVoteTest" file="/Applications/XAMPP/xamppfiles/htdocs/faq/tests/Feature/Answer/AnswerVoteTest.php" line="100" assertions="3" time="0.046183"/>
      <testcase name="test_vote_returns_404_for_missing_answer" class="Tests\Feature\Answer\AnswerVoteTest" classname="Tests.Feature.Answer.AnswerVoteTest" file="/Applications/XAMPP/xamppfiles/htdocs/faq/tests/Feature/Answer/AnswerVoteTest.php" line="137" assertions="1" time="0.038643"/>
      <testcase name="test_different_users_can_vote_on_same_answer" class="Tests\Feature\Answer\AnswerVoteTest" classname="Tests.Feature.Answer.AnswerVoteTest" file="/Applications/XAMPP/xamppfiles/htdocs/faq/tests/Feature/Answer/AnswerVoteTest.php" line="145" assertions="4" time="0.071531"/>
    </testsuite>
    <testsuite name="Tests\Feature\Auth\AuthCallbackTest" file="/Applications/XAMPP/xamppfiles/htdocs/faq/tests/Feature/Auth/AuthCallbackTest.php" tests="19" assertions="64" errors="0" failures="0" skipped="0" time="0.873625">
      <testsuite name="Tests\Feature\Auth\AuthCallbackTest::test_callback_handles_http_client_failures" tests="2" assertions="2" errors="0" failures="0" skipped="0" time="0.059268">
        <testcase name="test_callback_handles_http_client_failures with data set &quot;token endpoint failure&quot;" class="Tests\Feature\Auth\AuthCallbackTest" classname="Tests.Feature.Auth.AuthCallbackTest" file="/Applications/XAMPP/xamppfiles/htdocs/faq/tests/Feature/Auth/AuthCallbackTest.php" line="365" assertions="1" time="0.032784"/>
        <testcase name="test_callback_handles_http_client_failures with data set &quot;user endpoint failure&quot;" class="Tests\Feature\Auth\AuthCallbackTest" classname="Tests.Feature.Auth.AuthCallbackTest" file="/Applications/XAMPP/xamppfiles/htdocs/faq/tests/Feature/Auth/AuthCallbackTest.php" line="365" assertions="1" time="0.026484"/>
      </testsuite>
      <testcase name="test_callback_creates_new_user_issues_token_and_redirects_with_fragment" class="Tests\Feature\Auth\AuthCallbackTest" classname="Tests.Feature.Auth.AuthCallbackTest" file="/Applications/XAMPP/xamppfiles/htdocs/faq/tests/Feature/Auth/AuthCallbackTest.php" line="31" assertions="15" time="0.092771"/>
      <testcase name="test_callback_updates_existing_user_by_email" class="Tests\Feature\Auth\AuthCallbackTest" classname="Tests.Feature.Auth.AuthCallbackTest" file="/Applications/XAMPP/xamppfiles/htdocs/faq/tests/Feature/Auth/AuthCallbackTest.php" line="65" assertions="5" time="0.039842"/>
      <testcase name="test_callback_generates_username_when_missing" class="Tests\Feature\Auth\AuthCallbackTest" classname="Tests.Feature.Auth.AuthCallbackTest" file="/Applications/XAMPP/xamppfiles/htdocs/faq/tests/Feature/Auth/AuthCallbackTest.php" line="93" assertions="3" time="0.047442"/>
      <testcase name="test_callback_preserves_existing_username" class="Tests\Feature\Auth\AuthCallbackTest" classname="Tests.Feature.Auth.AuthCallbackTest" file="/Applications/XAMPP/xamppfiles/htdocs/faq/tests/Feature/Auth/AuthCallbackTest.php" line="114" assertions="2" time="0.046178"/>
      <testcase name="test_callback_increments_score_when_email_verified_at_changes" class="Tests\Feature\Auth\AuthCallbackTest" classname="Tests.Feature.Auth.AuthCallbackTest" file="/Applications/XAMPP/xamppfiles/htdocs/faq/tests/Feature/Auth/AuthCallbackTest.php" line="134" assertions="3" time="0.037438"/>
      <testcase name="test_callback_does_not_increment_score_when_email_verified_at_unchanged" class="Tests\Feature\Auth\AuthCallbackTest" classname="Tests.Feature.Auth.AuthCallbackTest" file="/Applications/XAMPP/xamppfiles/htdocs/faq/tests/Feature/Auth/AuthCallbackTest.php" line="154" assertions="4" time="0.060664"/>
      <testcase name="test_login_notification_is_sent_when_enabled" class="Tests\Feature\Auth\AuthCallbackTest" classname="Tests.Feature.Auth.AuthCallbackTest" file="/Applications/XAMPP/xamppfiles/htdocs/faq/tests/Feature/Auth/AuthCallbackTest.php" line="186" assertions="2" time="0.049661"/>
      <testcase name="test_login_notification_is_not_sent_when_disabled" class="Tests\Feature\Auth\AuthCallbackTest" classname="Tests.Feature.Auth.AuthCallbackTest" file="/Applications/XAMPP/xamppfiles/htdocs/faq/tests/Feature/Auth/AuthCallbackTest.php" line="207" assertions="2" time="0.061672"/>
      <testcase name="test_fetch_user_level_job_is_dispatched" class="Tests\Feature\Auth\AuthCallbackTest" classname="Tests.Feature.Auth.AuthCallbackTest" file="/Applications/XAMPP/xamppfiles/htdocs/faq/tests/Feature/Auth/AuthCallbackTest.php" line="226" assertions="2" time="0.063432"/>
      <testcase name="test_callback_uses_intended_url_from_session_when_safe" class="Tests\Feature\Auth\AuthCallbackTest" classname="Tests.Feature.Auth.AuthCallbackTest" file="/Applications/XAMPP/xamppfiles/htdocs/faq/tests/Feature/Auth/AuthCallbackTest.php" line="236" assertions="4" time="0.048304"/>
      <testcase name="test_callback_falls_back_to_app_url_for_dangerous_intended_url" class="Tests\Feature\Auth\AuthCallbackTest" classname="Tests.Feature.Auth.AuthCallbackTest" file="/Applications/XAMPP/xamppfiles/htdocs/faq/tests/Feature/Auth/AuthCallbackTest.php" line="257" assertions="2" time="0.035422"/>
      <testcase name="test_callback_rejects_mismatched_oauth_state" class="Tests\Feature\Auth\AuthCallbackTest" classname="Tests.Feature.Auth.AuthCallbackTest" file="/Applications/XAMPP/xamppfiles/htdocs/faq/tests/Feature/Auth/AuthCallbackTest.php" line="273" assertions="1" time="0.033702"/>
      <testcase name="test_callback_rejects_missing_oauth_state" class="Tests\Feature\Auth\AuthCallbackTest" classname="Tests.Feature.Auth.AuthCallbackTest" file="/Applications/XAMPP/xamppfiles/htdocs/faq/tests/Feature/Auth/AuthCallbackTest.php" line="288" assertions="1" time="0.027951"/>
      <testcase name="test_oauth_state_is_single_use_and_pulled_from_cache" class="Tests\Feature\Auth\AuthCallbackTest" classname="Tests.Feature.Auth.AuthCallbackTest" file="/Applications/XAMPP/xamppfiles/htdocs/faq/tests/Feature/Auth/AuthCallbackTest.php" line="301" assertions="2" time="0.036704"/>
      <testcase name="test_sanctum_token_is_created_with_one_hour_expiry" class="Tests\Feature\Auth\AuthCallbackTest" classname="Tests.Feature.Auth.AuthCallbackTest" file="/Applications/XAMPP/xamppfiles/htdocs/faq/tests/Feature/Auth/AuthCallbackTest.php" line="310" assertions="5" time="0.053782"/>
      <testcase name="test_token_appears_only_in_url_fragment_not_query_string" class="Tests\Feature\Auth\AuthCallbackTest" classname="Tests.Feature.Auth.AuthCallbackTest" file="/Applications/XAMPP/xamppfiles/htdocs/faq/tests/Feature/Auth/AuthCallbackTest.php" line="330" assertions="5" time="0.038060"/>
      <testcase name="test_mass_assignment_does_not_set_role_or_score_from_oauth_payload" class="Tests\Feature\Auth\AuthCallbackTest" classname="Tests.Feature.Auth.AuthCallbackTest" file="/Applications/XAMPP/xamppfiles/htdocs/faq/tests/Feature/Auth/AuthCallbackTest.php" line="345" assertions="4" time="0.041332"/>
    </testsuite>
    <testsuite name="Tests\Feature\Auth\AuthLogoutTest" file="/Applications/XAMPP/xamppfiles/htdocs/faq/tests/Feature/Auth/AuthLogoutTest.php" tests="5" assertions="15" errors="0" failures="0" skipped="0" time="0.254991">
      <testcase name="test_authenticated_user_can_logout_and_tokens_are_revoked" class="Tests\Feature\Auth\AuthLogoutTest" classname="Tests.Feature.Auth.AuthLogoutTest" file="/Applications/XAMPP/xamppfiles/htdocs/faq/tests/Feature/Auth/AuthLogoutTest.php" line="14" assertions="5" time="0.099801"/>
      <testcase name="test_logout_invalidates_session" class="Tests\Feature\Auth\AuthLogoutTest" classname="Tests.Feature.Auth.AuthLogoutTest" file="/Applications/XAMPP/xamppfiles/htdocs/faq/tests/Feature/Auth/AuthLogoutTest.php" line="33" assertions="2" time="0.042112"/>
      <testcase name="test_guest_cannot_logout" class="Tests\Feature\Auth\AuthLogoutTest" classname="Tests.Feature.Auth.AuthLogoutTest" file="/Applications/XAMPP/xamppfiles/htdocs/faq/tests/Feature/Auth/AuthLogoutTest.php" line="47" assertions="1" time="0.032991"/>
      <testcase name="test_revoked_token_cannot_access_protected_routes_after_logout" class="Tests\Feature\Auth\AuthLogoutTest" classname="Tests.Feature.Auth.AuthLogoutTest" file="/Applications/XAMPP/xamppfiles/htdocs/faq/tests/Feature/Auth/AuthLogoutTest.php" line="52" assertions="4" time="0.040876"/>
      <testcase name="test_logout_only_affects_current_users_tokens_not_other_users" class="Tests\Feature\Auth\AuthLogoutTest" classname="Tests.Feature.Auth.AuthLogoutTest" file="/Applications/XAMPP/xamppfiles/htdocs/faq/tests/Feature/Auth/AuthLogoutTest.php" line="74" assertions="3" time="0.039211"/>
    </testsuite>
    <testsuite name="Tests\Feature\Auth\AuthMeTest" file="/Applications/XAMPP/xamppfiles/htdocs/faq/tests/Feature/Auth/AuthMeTest.php" tests="5" assertions="13" errors="0" failures="0" skipped="0" time="0.164066">
      <testcase name="test_authenticated_user_receives_expected_me_payload" class="Tests\Feature\Auth\AuthMeTest" classname="Tests.Feature.Auth.AuthMeTest" file="/Applications/XAMPP/xamppfiles/htdocs/faq/tests/Feature/Auth/AuthMeTest.php" line="14" assertions="2" time="0.033976"/>
      <testcase name="test_me_does_not_expose_sensitive_oauth_tokens" class="Tests\Feature\Auth\AuthMeTest" classname="Tests.Feature.Auth.AuthMeTest" file="/Applications/XAMPP/xamppfiles/htdocs/faq/tests/Feature/Auth/AuthMeTest.php" line="43" assertions="7" time="0.031754"/>
      <testcase name="test_guest_cannot_access_me" class="Tests\Feature\Auth\AuthMeTest" classname="Tests.Feature.Auth.AuthMeTest" file="/Applications/XAMPP/xamppfiles/htdocs/faq/tests/Feature/Auth/AuthMeTest.php" line="63" assertions="1" time="0.028144"/>
      <testcase name="test_me_reflects_null_image_url_when_user_has_no_avatar" class="Tests\Feature\Auth\AuthMeTest" classname="Tests.Feature.Auth.AuthMeTest" file="/Applications/XAMPP/xamppfiles/htdocs/faq/tests/Feature/Auth/AuthMeTest.php" line="68" assertions="2" time="0.036142"/>
      <testcase name="test_expired_token_cannot_access_me" class="Tests\Feature\Auth\AuthMeTest" classname="Tests.Feature.Auth.AuthMeTest" file="/Applications/XAMPP/xamppfiles/htdocs/faq/tests/Feature/Auth/AuthMeTest.php" line="79" assertions="1" time="0.034050"/>
    </testsuite>
    <testsuite name="Tests\Feature\Auth\AuthRedirectTest" file="/Applications/XAMPP/xamppfiles/htdocs/faq/tests/Feature/Auth/AuthRedirectTest.php" tests="18" assertions="57" errors="0" failures="0" skipped="0" time="0.607146">
      <testsuite name="Tests\Feature\Auth\AuthRedirectTest::test_invalid_intended_url_is_rejected_and_not_stored" tests="10" assertions="30" errors="0" failures="0" skipped="0" time="0.346887">
        <testcase name="test_invalid_intended_url_is_rejected_and_not_stored with data set &quot;external domain open redirect&quot;" class="Tests\Feature\Auth\AuthRedirectTest" classname="Tests.Feature.Auth.AuthRedirectTest" file="/Applications/XAMPP/xamppfiles/htdocs/faq/tests/Feature/Auth/AuthRedirectTest.php" line="66" assertions="3" time="0.032771"/>
        <testcase name="test_invalid_intended_url_is_rejected_and_not_stored with data set &quot;auth callback loop path&quot;" class="Tests\Feature\Auth\AuthRedirectTest" classname="Tests.Feature.Auth.AuthRedirectTest" file="/Applications/XAMPP/xamppfiles/htdocs/faq/tests/Feature/Auth/AuthRedirectTest.php" line="66" assertions="3" time="0.063620"/>
        <testcase name="test_invalid_intended_url_is_rejected_and_not_stored with data set &quot;api auth redirect loop path&quot;" class="Tests\Feature\Auth\AuthRedirectTest" classname="Tests.Feature.Auth.AuthRedirectTest" file="/Applications/XAMPP/xamppfiles/htdocs/faq/tests/Feature/Auth/AuthRedirectTest.php" line="66" assertions="3" time="0.030734"/>
        <testcase name="test_invalid_intended_url_is_rejected_and_not_stored with data set &quot;oauth authorize path&quot;" class="Tests\Feature\Auth\AuthRedirectTest" classname="Tests.Feature.Auth.AuthRedirectTest" file="/Applications/XAMPP/xamppfiles/htdocs/faq/tests/Feature/Auth/AuthRedirectTest.php" line="66" assertions="3" time="0.032420"/>
        <testcase name="test_invalid_intended_url_is_rejected_and_not_stored with data set &quot;login path&quot;" class="Tests\Feature\Auth\AuthRedirectTest" classname="Tests.Feature.Auth.AuthRedirectTest" file="/Applications/XAMPP/xamppfiles/htdocs/faq/tests/Feature/Auth/AuthRedirectTest.php" line="66" assertions="3" time="0.030974"/>
        <testcase name="test_invalid_intended_url_is_rejected_and_not_stored with data set &quot;logout path&quot;" class="Tests\Feature\Auth\AuthRedirectTest" classname="Tests.Feature.Auth.AuthRedirectTest" file="/Applications/XAMPP/xamppfiles/htdocs/faq/tests/Feature/Auth/AuthRedirectTest.php" line="66" assertions="3" time="0.028963"/>
        <testcase name="test_invalid_intended_url_is_rejected_and_not_stored with data set &quot;malformed url&quot;" class="Tests\Feature\Auth\AuthRedirectTest" classname="Tests.Feature.Auth.AuthRedirectTest" file="/Applications/XAMPP/xamppfiles/htdocs/faq/tests/Feature/Auth/AuthRedirectTest.php" line="66" assertions="3" time="0.042358"/>
        <testcase name="test_invalid_intended_url_is_rejected_and_not_stored with data set &quot;empty string&quot;" class="Tests\Feature\Auth\AuthRedirectTest" classname="Tests.Feature.Auth.AuthRedirectTest" file="/Applications/XAMPP/xamppfiles/htdocs/faq/tests/Feature/Auth/AuthRedirectTest.php" line="66" assertions="3" time="0.028802"/>
        <testcase name="test_invalid_intended_url_is_rejected_and_not_stored with data set &quot;javascript scheme&quot;" class="Tests\Feature\Auth\AuthRedirectTest" classname="Tests.Feature.Auth.AuthRedirectTest" file="/Applications/XAMPP/xamppfiles/htdocs/faq/tests/Feature/Auth/AuthRedirectTest.php" line="66" assertions="3" time="0.028057"/>
        <testcase name="test_invalid_intended_url_is_rejected_and_not_stored with data set &quot;data uri&quot;" class="Tests\Feature\Auth\AuthRedirectTest" classname="Tests.Feature.Auth.AuthRedirectTest" file="/Applications/XAMPP/xamppfiles/htdocs/faq/tests/Feature/Auth/AuthRedirectTest.php" line="66" assertions="3" time="0.028188"/>
      </testsuite>
      <testcase name="test_guest_receives_oauth_authorize_redirect_url" class="Tests\Feature\Auth\AuthRedirectTest" classname="Tests.Feature.Auth.AuthRedirectTest" file="/Applications/XAMPP/xamppfiles/htdocs/faq/tests/Feature/Auth/AuthRedirectTest.php" line="24" assertions="8" time="0.038440"/>
      <testcase name="test_redirect_stores_oauth_state_in_cache" class="Tests\Feature\Auth\AuthRedirectTest" classname="Tests.Feature.Auth.AuthRedirectTest" file="/Applications/XAMPP/xamppfiles/htdocs/faq/tests/Feature/Auth/AuthRedirectTest.php" line="41" assertions="4" time="0.029471"/>
      <testcase name="test_valid_intended_url_is_stored_in_session" class="Tests\Feature\Auth\AuthRedirectTest" classname="Tests.Feature.Auth.AuthRedirectTest" file="/Applications/XAMPP/xamppfiles/htdocs/faq/tests/Feature/Auth/AuthRedirectTest.php" line="52" assertions="3" time="0.029198"/>
      <testcase name="test_redirect_depth_returns_429_after_three_valid_intended_urls" class="Tests\Feature\Auth\AuthRedirectTest" classname="Tests.Feature.Auth.AuthRedirectTest" file="/Applications/XAMPP/xamppfiles/htdocs/faq/tests/Feature/Auth/AuthRedirectTest.php" line="93" assertions="2" time="0.036389"/>
      <testcase name="test_redirect_depth_below_limit_still_succeeds" class="Tests\Feature\Auth\AuthRedirectTest" classname="Tests.Feature.Auth.AuthRedirectTest" file="/Applications/XAMPP/xamppfiles/htdocs/faq/tests/Feature/Auth/AuthRedirectTest.php" line="105" assertions="2" time="0.032187"/>
      <testcase name="test_authenticated_web_user_is_blocked_by_guest_middleware" class="Tests\Feature\Auth\AuthRedirectTest" classname="Tests.Feature.Auth.AuthRedirectTest" file="/Applications/XAMPP/xamppfiles/htdocs/faq/tests/Feature/Auth/AuthRedirectTest.php" line="115" assertions="2" time="0.034533"/>
      <testcase name="test_sql_injection_payload_with_valid_host_is_still_sanitized_as_same_domain_url" class="Tests\Feature\Auth\AuthRedirectTest" classname="Tests.Feature.Auth.AuthRedirectTest" file="/Applications/XAMPP/xamppfiles/htdocs/faq/tests/Feature/Auth/AuthRedirectTest.php" line="127" assertions="4" time="0.030963"/>
      <testcase name="test_xss_payload_in_intended_url_is_not_stored_when_host_mismatches" class="Tests\Feature\Auth\AuthRedirectTest" classname="Tests.Feature.Auth.AuthRedirectTest" file="/Applications/XAMPP/xamppfiles/htdocs/faq/tests/Feature/Auth/AuthRedirectTest.php" line="141" assertions="2" time="0.029078"/>
    </testsuite>
    <testsuite name="Tests\Feature\Author\AuthorIndexTest" file="/Applications/XAMPP/xamppfiles/htdocs/faq/tests/Feature/Author/AuthorIndexTest.php" tests="24" assertions="145" errors="0" failures="0" skipped="0" time="1.172912">
      <testsuite name="Tests\Feature\Author\AuthorIndexTest::test_index_sorts_by_supported_fields" tests="5" assertions="30" errors="0" failures="0" skipped="0" time="0.27151">
        <testcase name="test_index_sorts_by_supported_fields with data set &quot;score&quot;" class="Tests\Feature\Author\AuthorIndexTest" classname="Tests.Feature.Author.AuthorIndexTest" file="/Applications/XAMPP/xamppfiles/htdocs/faq/tests/Feature/Author/AuthorIndexTest.php" line="208" assertions="6" time="0.050844"/>
        <testcase name="test_index_sorts_by_supported_fields with data set &quot;name&quot;" class="Tests\Feature\Author\AuthorIndexTest" classname="Tests.Feature.Author.AuthorIndexTest" file="/Applications/XAMPP/xamppfiles/htdocs/faq/tests/Feature/Author/AuthorIndexTest.php" line="208" assertions="6" time="0.048018"/>
        <testcase name="test_index_sorts_by_supported_fields with data set &quot;created_at&quot;" class="Tests\Feature\Author\AuthorIndexTest" classname="Tests.Feature.Author.AuthorIndexTest" file="/Applications/XAMPP/xamppfiles/htdocs/faq/tests/Feature/Author/AuthorIndexTest.php" line="208" assertions="6" time="0.043011"/>
        <testcase name="test_index_sorts_by_supported_fields with data set &quot;questions_count&quot;" class="Tests\Feature\Author\AuthorIndexTest" classname="Tests.Feature.Author.AuthorIndexTest" file="/Applications/XAMPP/xamppfiles/htdocs/faq/tests/Feature/Author/AuthorIndexTest.php" line="208" assertions="6" time="0.057030"/>
        <testcase name="test_index_sorts_by_supported_fields with data set &quot;answers_count&quot;" class="Tests\Feature\Author\AuthorIndexTest" classname="Tests.Feature.Author.AuthorIndexTest" file="/Applications/XAMPP/xamppfiles/htdocs/faq/tests/Feature/Author/AuthorIndexTest.php" line="208" assertions="6" time="0.072606"/>
      </testsuite>
      <testsuite name="Tests\Feature\Author\AuthorIndexTest::test_index_searches_by_name_email_and_username" tests="4" assertions="12" errors="0" failures="0" skipped="0" time="0.173475">
        <testcase name="test_index_searches_by_name_email_and_username with data set &quot;partial name&quot;" class="Tests\Feature\Author\AuthorIndexTest" classname="Tests.Feature.Author.AuthorIndexTest" file="/Applications/XAMPP/xamppfiles/htdocs/faq/tests/Feature/Author/AuthorIndexTest.php" line="311" assertions="3" time="0.040114"/>
        <testcase name="test_index_searches_by_name_email_and_username with data set &quot;partial username&quot;" class="Tests\Feature\Author\AuthorIndexTest" classname="Tests.Feature.Author.AuthorIndexTest" file="/Applications/XAMPP/xamppfiles/htdocs/faq/tests/Feature/Author/AuthorIndexTest.php" line="311" assertions="3" time="0.053492"/>
        <testcase name="test_index_searches_by_name_email_and_username with data set &quot;partial email&quot;" class="Tests\Feature\Author\AuthorIndexTest" classname="Tests.Feature.Author.AuthorIndexTest" file="/Applications/XAMPP/xamppfiles/htdocs/faq/tests/Feature/Author/AuthorIndexTest.php" line="311" assertions="3" time="0.036098"/>
        <testcase name="test_index_searches_by_name_email_and_username with data set &quot;case sensitive match for name fragment&quot;" class="Tests\Feature\Author\AuthorIndexTest" classname="Tests.Feature.Author.AuthorIndexTest" file="/Applications/XAMPP/xamppfiles/htdocs/faq/tests/Feature/Author/AuthorIndexTest.php" line="311" assertions="3" time="0.043772"/>
      </testsuite>
      <testcase name="test_guest_can_list_authors_with_pagination_meta_and_activity_fields" class="Tests\Feature\Author\AuthorIndexTest" classname="Tests.Feature.Author.AuthorIndexTest" file="/Applications/XAMPP/xamppfiles/htdocs/faq/tests/Feature/Author/AuthorIndexTest.php" line="19" assertions="37" time="0.048917"/>
      <testcase name="test_index_defaults_to_twenty_authors_per_page_sorted_by_score_desc" class="Tests\Feature\Author\AuthorIndexTest" classname="Tests.Feature.Author.AuthorIndexTest" file="/Applications/XAMPP/xamppfiles/htdocs/faq/tests/Feature/Author/AuthorIndexTest.php" line="63" assertions="10" time="0.101161"/>
      <testcase name="test_index_respects_custom_per_page" class="Tests\Feature\Author\AuthorIndexTest" classname="Tests.Feature.Author.AuthorIndexTest" file="/Applications/XAMPP/xamppfiles/htdocs/faq/tests/Feature/Author/AuthorIndexTest.php" line="88" assertions="5" time="0.040434"/>
      <testcase name="test_index_returns_empty_data_when_no_authors_exist" class="Tests\Feature\Author\AuthorIndexTest" classname="Tests.Feature.Author.AuthorIndexTest" file="/Applications/XAMPP/xamppfiles/htdocs/faq/tests/Feature/Author/AuthorIndexTest.php" line="100" assertions="5" time="0.059896"/>
      <testcase name="test_index_includes_activity_counts_and_total_for_all_content_states" class="Tests\Feature\Author\AuthorIndexTest" classname="Tests.Feature.Author.AuthorIndexTest" file="/Applications/XAMPP/xamppfiles/htdocs/faq/tests/Feature/Author/AuthorIndexTest.php" line="110" assertions="6" time="0.050321"/>
      <testcase name="test_index_recent_questions_only_includes_published_and_limits_to_three" class="Tests\Feature\Author\AuthorIndexTest" classname="Tests.Feature.Author.AuthorIndexTest" file="/Applications/XAMPP/xamppfiles/htdocs/faq/tests/Feature/Author/AuthorIndexTest.php" line="137" assertions="8" time="0.066121"/>
      <testcase name="test_index_score_and_level_default_via_model_attributes" class="Tests\Feature\Author\AuthorIndexTest" classname="Tests.Feature.Author.AuthorIndexTest" file="/Applications/XAMPP/xamppfiles/htdocs/faq/tests/Feature/Author/AuthorIndexTest.php" line="177" assertions="4" time="0.034430"/>
      <testcase name="test_index_returns_image_url_when_author_has_avatar" class="Tests\Feature\Author\AuthorIndexTest" classname="Tests.Feature.Author.AuthorIndexTest" file="/Applications/XAMPP/xamppfiles/htdocs/faq/tests/Feature/Author/AuthorIndexTest.php" line="188" assertions="3" time="0.043775"/>
      <testcase name="test_index_returns_null_image_url_when_author_has_no_avatar" class="Tests\Feature\Author\AuthorIndexTest" classname="Tests.Feature.Author.AuthorIndexTest" file="/Applications/XAMPP/xamppfiles/htdocs/faq/tests/Feature/Author/AuthorIndexTest.php" line="198" assertions="2" time="0.034237"/>
      <testcase name="test_index_unknown_sort_by_falls_back_to_score" class="Tests\Feature\Author\AuthorIndexTest" classname="Tests.Feature.Author.AuthorIndexTest" file="/Applications/XAMPP/xamppfiles/htdocs/faq/tests/Feature/Author/AuthorIndexTest.php" line="276" assertions="2" time="0.033798"/>
      <testcase name="test_index_applies_secondary_sort_by_created_at_desc_when_not_sorting_by_created_at" class="Tests\Feature\Author\AuthorIndexTest" classname="Tests.Feature.Author.AuthorIndexTest" file="/Applications/XAMPP/xamppfiles/htdocs/faq/tests/Feature/Author/AuthorIndexTest.php" line="290" assertions="2" time="0.042584"/>
      <testcase name="test_index_empty_search_returns_all_authors" class="Tests\Feature\Author\AuthorIndexTest" classname="Tests.Feature.Author.AuthorIndexTest" file="/Applications/XAMPP/xamppfiles/htdocs/faq/tests/Feature/Author/AuthorIndexTest.php" line="344" assertions="2" time="0.052557"/>
      <testcase name="test_index_search_with_no_matches_returns_empty_collection" class="Tests\Feature\Author\AuthorIndexTest" classname="Tests.Feature.Author.AuthorIndexTest" file="/Applications/XAMPP/xamppfiles/htdocs/faq/tests/Feature/Author/AuthorIndexTest.php" line="354" assertions="3" time="0.030377"/>
      <testcase name="test_authenticated_users_can_access_index" class="Tests\Feature\Author\AuthorIndexTest" classname="Tests.Feature.Author.AuthorIndexTest" file="/Applications/XAMPP/xamppfiles/htdocs/faq/tests/Feature/Author/AuthorIndexTest.php" line="364" assertions="2" time="0.048794"/>
      <testcase name="test_index_does_not_expose_email_tokens_or_mobile" class="Tests\Feature\Author\AuthorIndexTest" classname="Tests.Feature.Author.AuthorIndexTest" file="/Applications/XAMPP/xamppfiles/htdocs/faq/tests/Feature/Author/AuthorIndexTest.php" line="375" assertions="12" time="0.040525"/>
    </testsuite>
    <testsuite name="Tests\Feature\Author\AuthorQuestionsTest" file="/Applications/XAMPP/xamppfiles/htdocs/faq/tests/Feature/Author/AuthorQuestionsTest.php" tests="18" assertions="79" errors="0" failures="0" skipped="0" time="1.13756">
      <testsuite name="Tests\Feature\Author\AuthorQuestionsTest::test_invalid_type_falls_back_to_questions" tests="4" assertions="12" errors="0" failures="0" skipped="0" time="0.221164">
        <testcase name="test_invalid_type_falls_back_to_questions with data set &quot;votes&quot;" class="Tests\Feature\Author\AuthorQuestionsTest" classname="Tests.Feature.Author.AuthorQuestionsTest" file="/Applications/XAMPP/xamppfiles/htdocs/faq/tests/Feature/Author/AuthorQuestionsTest.php" line="186" assertions="3" time="0.056885"/>
        <testcase name="test_invalid_type_falls_back_to_questions with data set &quot;empty string&quot;" class="Tests\Feature\Author\AuthorQuestionsTest" classname="Tests.Feature.Author.AuthorQuestionsTest" file="/Applications/XAMPP/xamppfiles/htdocs/faq/tests/Feature/Author/AuthorQuestionsTest.php" line="186" assertions="3" time="0.049678"/>
        <testcase name="test_invalid_type_falls_back_to_questions with data set &quot;sql-ish&quot;" class="Tests\Feature\Author\AuthorQuestionsTest" classname="Tests.Feature.Author.AuthorQuestionsTest" file="/Applications/XAMPP/xamppfiles/htdocs/faq/tests/Feature/Author/AuthorQuestionsTest.php" line="186" assertions="3" time="0.061077"/>
        <testcase name="test_invalid_type_falls_back_to_questions with data set &quot;uppercase&quot;" class="Tests\Feature\Author\AuthorQuestionsTest" classname="Tests.Feature.Author.AuthorQuestionsTest" file="/Applications/XAMPP/xamppfiles/htdocs/faq/tests/Feature/Author/AuthorQuestionsTest.php" line="186" assertions="3" time="0.053523"/>
      </testsuite>
      <testcase name="test_guest_can_list_published_questions_authored_by_user" class="Tests\Feature\Author\AuthorQuestionsTest" classname="Tests.Feature.Author.AuthorQuestionsTest" file="/Applications/XAMPP/xamppfiles/htdocs/faq/tests/Feature/Author/AuthorQuestionsTest.php" line="20" assertions="20" time="0.074235"/>
      <testcase name="test_questions_defaults_to_type_questions_and_ten_per_page" class="Tests\Feature\Author\AuthorQuestionsTest" classname="Tests.Feature.Author.AuthorQuestionsTest" file="/Applications/XAMPP/xamppfiles/htdocs/faq/tests/Feature/Author/AuthorQuestionsTest.php" line="53" assertions="8" time="0.190357"/>
      <testcase name="test_questions_respects_custom_per_page" class="Tests\Feature\Author\AuthorQuestionsTest" classname="Tests.Feature.Author.AuthorQuestionsTest" file="/Applications/XAMPP/xamppfiles/htdocs/faq/tests/Feature/Author/AuthorQuestionsTest.php" line="72" assertions="4" time="0.095063"/>
      <testcase name="test_questions_type_questions_orders_by_created_at_descending" class="Tests\Feature\Author\AuthorQuestionsTest" classname="Tests.Feature.Author.AuthorQuestionsTest" file="/Applications/XAMPP/xamppfiles/htdocs/faq/tests/Feature/Author/AuthorQuestionsTest.php" line="84" assertions="3" time="0.049225"/>
      <testcase name="test_type_answers_returns_published_questions_author_answered" class="Tests\Feature\Author\AuthorQuestionsTest" classname="Tests.Feature.Author.AuthorQuestionsTest" file="/Applications/XAMPP/xamppfiles/htdocs/faq/tests/Feature/Author/AuthorQuestionsTest.php" line="102" assertions="4" time="0.071933"/>
      <testcase name="test_type_answers_excludes_questions_with_only_unpublished_answers" class="Tests\Feature\Author\AuthorQuestionsTest" classname="Tests.Feature.Author.AuthorQuestionsTest" file="/Applications/XAMPP/xamppfiles/htdocs/faq/tests/Feature/Author/AuthorQuestionsTest.php" line="128" assertions="3" time="0.046951"/>
      <testcase name="test_type_comments_returns_questions_with_author_comments_on_question_or_answer" class="Tests\Feature\Author\AuthorQuestionsTest" classname="Tests.Feature.Author.AuthorQuestionsTest" file="/Applications/XAMPP/xamppfiles/htdocs/faq/tests/Feature/Author/AuthorQuestionsTest.php" line="140" assertions="4" time="0.067488"/>
      <testcase name="test_type_comments_excludes_unpublished_questions_even_if_commented" class="Tests\Feature\Author\AuthorQuestionsTest" classname="Tests.Feature.Author.AuthorQuestionsTest" file="/Applications/XAMPP/xamppfiles/htdocs/faq/tests/Feature/Author/AuthorQuestionsTest.php" line="174" assertions="2" time="0.043064"/>
      <testcase name="test_questions_returns_empty_data_when_author_has_no_matching_content" class="Tests\Feature\Author\AuthorQuestionsTest" classname="Tests.Feature.Author.AuthorQuestionsTest" file="/Applications/XAMPP/xamppfiles/htdocs/faq/tests/Feature/Author/AuthorQuestionsTest.php" line="210" assertions="3" time="0.034626"/>
      <testcase name="test_questions_returns_404_for_unknown_username" class="Tests\Feature\Author\AuthorQuestionsTest" classname="Tests.Feature.Author.AuthorQuestionsTest" file="/Applications/XAMPP/xamppfiles/htdocs/faq/tests/Feature/Author/AuthorQuestionsTest.php" line="220" assertions="1" time="0.030964"/>
      <testcase name="test_questions_excludes_unpublished_even_for_authenticated_owner" class="Tests\Feature\Author\AuthorQuestionsTest" classname="Tests.Feature.Author.AuthorQuestionsTest" file="/Applications/XAMPP/xamppfiles/htdocs/faq/tests/Feature/Author/AuthorQuestionsTest.php" line="225" assertions="3" time="0.047271"/>
      <testcase name="test_authenticated_users_can_access_author_questions" class="Tests\Feature\Author\AuthorQuestionsTest" classname="Tests.Feature.Author.AuthorQuestionsTest" file="/Applications/XAMPP/xamppfiles/htdocs/faq/tests/Feature/Author/AuthorQuestionsTest.php" line="240" assertions="2" time="0.065448"/>
      <testcase name="test_questions_eager_loads_user_category_and_tags" class="Tests\Feature\Author\AuthorQuestionsTest" classname="Tests.Feature.Author.AuthorQuestionsTest" file="/Applications/XAMPP/xamppfiles/htdocs/faq/tests/Feature/Author/AuthorQuestionsTest.php" line="252" assertions="5" time="0.058300"/>
      <testcase name="test_guest_sees_can_permissions_as_false_on_question_resources" class="Tests\Feature\Author\AuthorQuestionsTest" classname="Tests.Feature.Author.AuthorQuestionsTest" file="/Applications/XAMPP/xamppfiles/htdocs/faq/tests/Feature/Author/AuthorQuestionsTest.php" line="268" assertions="5" time="0.041472"/>
    </testsuite>
    <testsuite name="Tests\Feature\Author\AuthorSecurityTest" file="/Applications/XAMPP/xamppfiles/htdocs/faq/tests/Feature/Author/AuthorSecurityTest.php" tests="33" assertions="120" errors="0" failures="0" skipped="0" time="1.393459">
      <testsuite name="Tests\Feature\Author\AuthorSecurityTest::test_all_author_endpoints_are_publicly_readable" tests="3" assertions="3" errors="0" failures="0" skipped="0" time="0.148564">
        <testcase name="test_all_author_endpoints_are_publicly_readable with data set &quot;index&quot;" class="Tests\Feature\Author\AuthorSecurityTest" classname="Tests.Feature.Author.AuthorSecurityTest" file="/Applications/XAMPP/xamppfiles/htdocs/faq/tests/Feature/Author/AuthorSecurityTest.php" line="19" assertions="1" time="0.045749"/>
        <testcase name="test_all_author_endpoints_are_publicly_readable with data set &quot;show&quot;" class="Tests\Feature\Author\AuthorSecurityTest" classname="Tests.Feature.Author.AuthorSecurityTest" file="/Applications/XAMPP/xamppfiles/htdocs/faq/tests/Feature/Author/AuthorSecurityTest.php" line="19" assertions="1" time="0.037047"/>
        <testcase name="test_all_author_endpoints_are_publicly_readable with data set &quot;questions&quot;" class="Tests\Feature\Author\AuthorSecurityTest" classname="Tests.Feature.Author.AuthorSecurityTest" file="/Applications/XAMPP/xamppfiles/htdocs/faq/tests/Feature/Author/AuthorSecurityTest.php" line="19" assertions="1" time="0.065768"/>
      </testsuite>
      <testsuite name="Tests\Feature\Author\AuthorSecurityTest::test_mutating_http_verbs_are_rejected_on_author_routes" tests="10" assertions="10" errors="0" failures="0" skipped="0" time="0.32976">
        <testcase name="test_mutating_http_verbs_are_rejected_on_author_routes with data set &quot;index post&quot;" class="Tests\Feature\Author\AuthorSecurityTest" classname="Tests.Feature.Author.AuthorSecurityTest" file="/Applications/XAMPP/xamppfiles/htdocs/faq/tests/Feature/Author/AuthorSecurityTest.php" line="43" assertions="1" time="0.032087"/>
        <testcase name="test_mutating_http_verbs_are_rejected_on_author_routes with data set &quot;index put&quot;" class="Tests\Feature\Author\AuthorSecurityTest" classname="Tests.Feature.Author.AuthorSecurityTest" file="/Applications/XAMPP/xamppfiles/htdocs/faq/tests/Feature/Author/AuthorSecurityTest.php" line="43" assertions="1" time="0.041522"/>
        <testcase name="test_mutating_http_verbs_are_rejected_on_author_routes with data set &quot;index patch&quot;" class="Tests\Feature\Author\AuthorSecurityTest" classname="Tests.Feature.Author.AuthorSecurityTest" file="/Applications/XAMPP/xamppfiles/htdocs/faq/tests/Feature/Author/AuthorSecurityTest.php" line="43" assertions="1" time="0.034167"/>
        <testcase name="test_mutating_http_verbs_are_rejected_on_author_routes with data set &quot;index delete&quot;" class="Tests\Feature\Author\AuthorSecurityTest" classname="Tests.Feature.Author.AuthorSecurityTest" file="/Applications/XAMPP/xamppfiles/htdocs/faq/tests/Feature/Author/AuthorSecurityTest.php" line="43" assertions="1" time="0.031899"/>
        <testcase name="test_mutating_http_verbs_are_rejected_on_author_routes with data set &quot;show post&quot;" class="Tests\Feature\Author\AuthorSecurityTest" classname="Tests.Feature.Author.AuthorSecurityTest" file="/Applications/XAMPP/xamppfiles/htdocs/faq/tests/Feature/Author/AuthorSecurityTest.php" line="43" assertions="1" time="0.031242"/>
        <testcase name="test_mutating_http_verbs_are_rejected_on_author_routes with data set &quot;show put&quot;" class="Tests\Feature\Author\AuthorSecurityTest" classname="Tests.Feature.Author.AuthorSecurityTest" file="/Applications/XAMPP/xamppfiles/htdocs/faq/tests/Feature/Author/AuthorSecurityTest.php" line="43" assertions="1" time="0.030443"/>
        <testcase name="test_mutating_http_verbs_are_rejected_on_author_routes with data set &quot;show delete&quot;" class="Tests\Feature\Author\AuthorSecurityTest" classname="Tests.Feature.Author.AuthorSecurityTest" file="/Applications/XAMPP/xamppfiles/htdocs/faq/tests/Feature/Author/AuthorSecurityTest.php" line="43" assertions="1" time="0.032732"/>
        <testcase name="test_mutating_http_verbs_are_rejected_on_author_routes with data set &quot;questions post&quot;" class="Tests\Feature\Author\AuthorSecurityTest" classname="Tests.Feature.Author.AuthorSecurityTest" file="/Applications/XAMPP/xamppfiles/htdocs/faq/tests/Feature/Author/AuthorSecurityTest.php" line="43" assertions="1" time="0.033129"/>
        <testcase name="test_mutating_http_verbs_are_rejected_on_author_routes with data set &quot;questions put&quot;" class="Tests\Feature\Author\AuthorSecurityTest" classname="Tests.Feature.Author.AuthorSecurityTest" file="/Applications/XAMPP/xamppfiles/htdocs/faq/tests/Feature/Author/AuthorSecurityTest.php" line="43" assertions="1" time="0.030633"/>
        <testcase name="test_mutating_http_verbs_are_rejected_on_author_routes with data set &quot;questions delete&quot;" class="Tests\Feature\Author\AuthorSecurityTest" classname="Tests.Feature.Author.AuthorSecurityTest" file="/Applications/XAMPP/xamppfiles/htdocs/faq/tests/Feature/Author/AuthorSecurityTest.php" line="43" assertions="1" time="0.031906"/>
      </testsuite>
      <testsuite name="Tests\Feature\Author\AuthorSecurityTest::test_index_handles_search_edge_cases_without_500" tests="7" assertions="28" errors="0" failures="0" skipped="0" time="0.255091">
        <testcase name="test_index_handles_search_edge_cases_without_500 with data set &quot;sql injection attempt&quot;" class="Tests\Feature\Author\AuthorSecurityTest" classname="Tests.Feature.Author.AuthorSecurityTest" file="/Applications/XAMPP/xamppfiles/htdocs/faq/tests/Feature/Author/AuthorSecurityTest.php" line="293" assertions="4" time="0.038767"/>
        <testcase name="test_index_handles_search_edge_cases_without_500 with data set &quot;wildcard percent&quot;" class="Tests\Feature\Author\AuthorSecurityTest" classname="Tests.Feature.Author.AuthorSecurityTest" file="/Applications/XAMPP/xamppfiles/htdocs/faq/tests/Feature/Author/AuthorSecurityTest.php" line="293" assertions="4" time="0.039886"/>
        <testcase name="test_index_handles_search_edge_cases_without_500 with data set &quot;underscore wildcard&quot;" class="Tests\Feature\Author\AuthorSecurityTest" classname="Tests.Feature.Author.AuthorSecurityTest" file="/Applications/XAMPP/xamppfiles/htdocs/faq/tests/Feature/Author/AuthorSecurityTest.php" line="293" assertions="4" time="0.033148"/>
        <testcase name="test_index_handles_search_edge_cases_without_500 with data set &quot;unicode&quot;" class="Tests\Feature\Author\AuthorSecurityTest" classname="Tests.Feature.Author.AuthorSecurityTest" file="/Applications/XAMPP/xamppfiles/htdocs/faq/tests/Feature/Author/AuthorSecurityTest.php" line="293" assertions="4" time="0.033936"/>
        <testcase name="test_index_handles_search_edge_cases_without_500 with data set &quot;very long query&quot;" class="Tests\Feature\Author\AuthorSecurityTest" classname="Tests.Feature.Author.AuthorSecurityTest" file="/Applications/XAMPP/xamppfiles/htdocs/faq/tests/Feature/Author/AuthorSecurityTest.php" line="293" assertions="4" time="0.034997"/>
        <testcase name="test_index_handles_search_edge_cases_without_500 with data set &quot;xss attempt&quot;" class="Tests\Feature\Author\AuthorSecurityTest" classname="Tests.Feature.Author.AuthorSecurityTest" file="/Applications/XAMPP/xamppfiles/htdocs/faq/tests/Feature/Author/AuthorSecurityTest.php" line="293" assertions="4" time="0.035126"/>
        <testcase name="test_index_handles_search_edge_cases_without_500 with data set &quot;null byte-ish&quot;" class="Tests\Feature\Author\AuthorSecurityTest" classname="Tests.Feature.Author.AuthorSecurityTest" file="/Applications/XAMPP/xamppfiles/htdocs/faq/tests/Feature/Author/AuthorSecurityTest.php" line="293" assertions="4" time="0.039231"/>
      </testsuite>
      <testcase name="test_sql_injection_in_search_does_not_leak_or_mutate_data" class="Tests\Feature\Author\AuthorSecurityTest" classname="Tests.Feature.Author.AuthorSecurityTest" file="/Applications/XAMPP/xamppfiles/htdocs/faq/tests/Feature/Author/AuthorSecurityTest.php" line="74" assertions="4" time="0.034718"/>
      <testcase name="test_sql_injection_in_sort_parameters_does_not_mutate_database" class="Tests\Feature\Author\AuthorSecurityTest" classname="Tests.Feature.Author.AuthorSecurityTest" file="/Applications/XAMPP/xamppfiles/htdocs/faq/tests/Feature/Author/AuthorSecurityTest.php" line="96" assertions="3" time="0.036971"/>
      <testcase name="test_xss_payloads_in_stored_author_fields_are_json_encoded_not_executed" class="Tests\Feature\Author\AuthorSecurityTest" classname="Tests.Feature.Author.AuthorSecurityTest" file="/Applications/XAMPP/xamppfiles/htdocs/faq/tests/Feature/Author/AuthorSecurityTest.php" line="111" assertions="12" time="0.058784"/>
      <testcase name="test_idor_style_user_id_query_params_cannot_swap_author_identity" class="Tests\Feature\Author\AuthorSecurityTest" classname="Tests.Feature.Author.AuthorSecurityTest" file="/Applications/XAMPP/xamppfiles/htdocs/faq/tests/Feature/Author/AuthorSecurityTest.php" line="140" assertions="7" time="0.048068"/>
      <testcase name="test_mass_assignment_style_query_params_cannot_alter_author_payload" class="Tests\Feature\Author\AuthorSecurityTest" classname="Tests.Feature.Author.AuthorSecurityTest" file="/Applications/XAMPP/xamppfiles/htdocs/faq/tests/Feature/Author/AuthorSecurityTest.php" line="172" assertions="8" time="0.041133"/>
      <testcase name="test_search_by_email_does_not_expose_email_in_response" class="Tests\Feature\Author\AuthorSecurityTest" classname="Tests.Feature.Author.AuthorSecurityTest" file="/Applications/XAMPP/xamppfiles/htdocs/faq/tests/Feature/Author/AuthorSecurityTest.php" line="198" assertions="5" time="0.041646"/>
      <testcase name="test_index_does_not_expose_role_while_show_does" class="Tests\Feature\Author\AuthorSecurityTest" classname="Tests.Feature.Author.AuthorSecurityTest" file="/Applications/XAMPP/xamppfiles/htdocs/faq/tests/Feature/Author/AuthorSecurityTest.php" line="218" assertions="4" time="0.039820"/>
      <testcase name="test_authenticated_user_cannot_gain_extra_sensitive_fields_via_auth" class="Tests\Feature\Author\AuthorSecurityTest" classname="Tests.Feature.Author.AuthorSecurityTest" file="/Applications/XAMPP/xamppfiles/htdocs/faq/tests/Feature/Author/AuthorSecurityTest.php" line="233" assertions="6" time="0.041002"/>
      <testcase name="test_invalid_bearer_token_still_allows_public_author_access" class="Tests\Feature\Author\AuthorSecurityTest" classname="Tests.Feature.Author.AuthorSecurityTest" file="/Applications/XAMPP/xamppfiles/htdocs/faq/tests/Feature/Author/AuthorSecurityTest.php" line="254" assertions="2" time="0.035427"/>
      <testcase name="test_concurrent_reads_are_idempotent_and_do_not_mutate_database" class="Tests\Feature\Author\AuthorSecurityTest" classname="Tests.Feature.Author.AuthorSecurityTest" file="/Applications/XAMPP/xamppfiles/htdocs/faq/tests/Feature/Author/AuthorSecurityTest.php" line="264" assertions="17" time="0.144996"/>
      <testcase name="test_user_model_does_not_use_soft_deletes_so_deleted_authors_are_hard_missing" class="Tests\Feature\Author\AuthorSecurityTest" classname="Tests.Feature.Author.AuthorSecurityTest" file="/Applications/XAMPP/xamppfiles/htdocs/faq/tests/Feature/Author/AuthorSecurityTest.php" line="282" assertions="3" time="0.062222"/>
      <testcase name="test_security_content_type_remains_json_on_author_responses" class="Tests\Feature\Author\AuthorSecurityTest" classname="Tests.Feature.Author.AuthorSecurityTest" file="/Applications/XAMPP/xamppfiles/htdocs/faq/tests/Feature/Author/AuthorSecurityTest.php" line="315" assertions="2" time="0.039790"/>
      <testcase name="test_store_update_destroy_author_routes_are_not_registered" class="Tests\Feature\Author\AuthorSecurityTest" classname="Tests.Feature.Author.AuthorSecurityTest" file="/Applications/XAMPP/xamppfiles/htdocs/faq/tests/Feature/Author/AuthorSecurityTest.php" line="327" assertions="6" time="0.035467"/>
    </testsuite>
    <testsuite name="Tests\Feature\Author\AuthorShowTest" file="/Applications/XAMPP/xamppfiles/htdocs/faq/tests/Feature/Author/AuthorShowTest.php" tests="13" assertions="59" errors="0" failures="0" skipped="0" time="0.494885">
      <testsuite name="Tests\Feature\Author\AuthorShowTest::test_show_handles_username_edge_cases_with_404_or_ok" tests="4" assertions="4" errors="0" failures="0" skipped="0" time="0.145637">
        <testcase name="test_show_handles_username_edge_cases_with_404_or_ok with data set &quot;unicode username exists&quot;" class="Tests\Feature\Author\AuthorShowTest" classname="Tests.Feature.Author.AuthorShowTest" file="/Applications/XAMPP/xamppfiles/htdocs/faq/tests/Feature/Author/AuthorShowTest.php" line="181" assertions="1" time="0.037544"/>
        <testcase name="test_show_handles_username_edge_cases_with_404_or_ok with data set &quot;unicode username missing&quot;" class="Tests\Feature\Author\AuthorShowTest" classname="Tests.Feature.Author.AuthorShowTest" file="/Applications/XAMPP/xamppfiles/htdocs/faq/tests/Feature/Author/AuthorShowTest.php" line="181" assertions="1" time="0.025943"/>
        <testcase name="test_show_handles_username_edge_cases_with_404_or_ok with data set &quot;numeric looking username&quot;" class="Tests\Feature\Author\AuthorShowTest" classname="Tests.Feature.Author.AuthorShowTest" file="/Applications/XAMPP/xamppfiles/htdocs/faq/tests/Feature/Author/AuthorShowTest.php" line="181" assertions="1" time="0.040121"/>
        <testcase name="test_show_handles_username_edge_cases_with_404_or_ok with data set &quot;dotted username&quot;" class="Tests\Feature\Author\AuthorShowTest" classname="Tests.Feature.Author.AuthorShowTest" file="/Applications/XAMPP/xamppfiles/htdocs/faq/tests/Feature/Author/AuthorShowTest.php" line="181" assertions="1" time="0.042029"/>
      </testsuite>
      <testcase name="test_guest_can_view_author_by_username" class="Tests\Feature\Author\AuthorShowTest" classname="Tests.Feature.Author.AuthorShowTest" file="/Applications/XAMPP/xamppfiles/htdocs/faq/tests/Feature/Author/AuthorShowTest.php" line="18" assertions="25" time="0.038639"/>
      <testcase name="test_show_returns_404_for_unknown_username" class="Tests\Feature\Author\AuthorShowTest" classname="Tests.Feature.Author.AuthorShowTest" file="/Applications/XAMPP/xamppfiles/htdocs/faq/tests/Feature/Author/AuthorShowTest.php" line="59" assertions="1" time="0.028236"/>
      <testcase name="test_show_resolves_by_username_not_numeric_id" class="Tests\Feature\Author\AuthorShowTest" classname="Tests.Feature.Author.AuthorShowTest" file="/Applications/XAMPP/xamppfiles/htdocs/faq/tests/Feature/Author/AuthorShowTest.php" line="64" assertions="3" time="0.033998"/>
      <testcase name="test_show_counts_only_published_questions_answers_and_comments" class="Tests\Feature\Author\AuthorShowTest" classname="Tests.Feature.Author.AuthorShowTest" file="/Applications/XAMPP/xamppfiles/htdocs/faq/tests/Feature/Author/AuthorShowTest.php" line="74" assertions="4" time="0.053644"/>
      <testcase name="test_show_defaults_score_and_level_when_zeroish" class="Tests\Feature\Author\AuthorShowTest" classname="Tests.Feature.Author.AuthorShowTest" file="/Applications/XAMPP/xamppfiles/htdocs/faq/tests/Feature/Author/AuthorShowTest.php" line="103" assertions="4" time="0.033622"/>
      <testcase name="test_show_exposes_admin_role_when_author_is_admin" class="Tests\Feature\Author\AuthorShowTest" classname="Tests.Feature.Author.AuthorShowTest" file="/Applications/XAMPP/xamppfiles/htdocs/faq/tests/Feature/Author/AuthorShowTest.php" line="119" assertions="2" time="0.039683"/>
      <testcase name="test_authenticated_users_can_view_author_show" class="Tests\Feature\Author\AuthorShowTest" classname="Tests.Feature.Author.AuthorShowTest" file="/Applications/XAMPP/xamppfiles/htdocs/faq/tests/Feature/Author/AuthorShowTest.php" line="132" assertions="2" time="0.044144"/>
      <testcase name="test_show_does_not_expose_email_tokens_or_mobile" class="Tests\Feature\Author\AuthorShowTest" classname="Tests.Feature.Author.AuthorShowTest" file="/Applications/XAMPP/xamppfiles/htdocs/faq/tests/Feature/Author/AuthorShowTest.php" line="143" assertions="11" time="0.040998"/>
      <testcase name="test_show_does_not_include_recent_questions_or_total_activity" class="Tests\Feature\Author\AuthorShowTest" classname="Tests.Feature.Author.AuthorShowTest" file="/Applications/XAMPP/xamppfiles/htdocs/faq/tests/Feature/Author/AuthorShowTest.php" line="169" assertions="3" time="0.036283"/>
    </testsuite>
    <testsuite name="Tests\Feature\Category\CategoryDestroyTest" file="/Applications/XAMPP/xamppfiles/htdocs/faq/tests/Feature/Category/CategoryDestroyTest.php" tests="11" assertions="42" errors="0" failures="0" skipped="0" time="0.427797">
[...]
        <testcase name="test_write_abilities_require_admin with data set &quot;delete&quot;" class="Tests\Unit\Policies\CategoryPolicyTest" classname="Tests.Unit.Policies.CategoryPolicyTest" file="/Applications/XAMPP/xamppfiles/htdocs/faq/tests/Unit/Policies/CategoryPolicyTest.php" line="41" assertions="2" time="0.029629"/>
      </testsuite>
      <testcase name="test_view_any_allows_guests_and_users" class="Tests\Unit\Policies\CategoryPolicyTest" classname="Tests.Unit.Policies.CategoryPolicyTest" file="/Applications/XAMPP/xamppfiles/htdocs/faq/tests/Unit/Policies/CategoryPolicyTest.php" line="24" assertions="3" time="0.964268"/>
      <testcase name="test_view_allows_guests_and_users" class="Tests\Unit\Policies\CategoryPolicyTest" classname="Tests.Unit.Policies.CategoryPolicyTest" file="/Applications/XAMPP/xamppfiles/htdocs/faq/tests/Unit/Policies/CategoryPolicyTest.php" line="31" assertions="3" time="0.044665"/>
      <testcase name="test_is_admin_is_role_based_not_level_based" class="Tests\Unit\Policies\CategoryPolicyTest" classname="Tests.Unit.Policies.CategoryPolicyTest" file="/Applications/XAMPP/xamppfiles/htdocs/faq/tests/Unit/Policies/CategoryPolicyTest.php" line="67" assertions="6" time="0.034066"/>
    </testsuite>
    <testsuite name="Tests\Unit\Policies\CommentPolicyTest" file="/Applications/XAMPP/xamppfiles/htdocs/faq/tests/Unit/Policies/CommentPolicyTest.php" tests="10" assertions="18" errors="0" failures="0" skipped="0" time="1.258084">
      <testsuite name="Tests\Unit\Policies\CommentPolicyTest::test_publish_rules" tests="7" assertions="7" errors="0" failures="0" skipped="0" time="0.266484">
        <testcase name="test_publish_rules with data set &quot;owner level 5 can publish own&quot;" class="Tests\Unit\Policies\CommentPolicyTest" classname="Tests.Unit.Policies.CommentPolicyTest" file="/Applications/XAMPP/xamppfiles/htdocs/faq/tests/Unit/Policies/CommentPolicyTest.php" line="60" assertions="1" time="0.035081"/>
        <testcase name="test_publish_rules with data set &quot;level 2 can publish any unpublished&quot;" class="Tests\Unit\Policies\CommentPolicyTest" classname="Tests.Unit.Policies.CommentPolicyTest" file="/Applications/XAMPP/xamppfiles/htdocs/faq/tests/Unit/Policies/CommentPolicyTest.php" line="60" assertions="1" time="0.038504"/>
        <testcase name="test_publish_rules with data set &quot;level 2 can publish higher author&quot;" class="Tests\Unit\Policies\CommentPolicyTest" classname="Tests.Unit.Policies.CommentPolicyTest" file="/Applications/XAMPP/xamppfiles/htdocs/faq/tests/Unit/Policies/CommentPolicyTest.php" line="60" assertions="1" time="0.037981"/>
        <testcase name="test_publish_rules with data set &quot;level 1 cannot publish&quot;" class="Tests\Unit\Policies\CommentPolicyTest" classname="Tests.Unit.Policies.CommentPolicyTest" file="/Applications/XAMPP/xamppfiles/htdocs/faq/tests/Unit/Policies/CommentPolicyTest.php" line="60" assertions="1" time="0.039068"/>
        <testcase name="test_publish_rules with data set &quot;level 1 owner cannot publish own&quot;" class="Tests\Unit\Policies\CommentPolicyTest" classname="Tests.Unit.Policies.CommentPolicyTest" file="/Applications/XAMPP/xamppfiles/htdocs/faq/tests/Unit/Policies/CommentPolicyTest.php" line="60" assertions="1" time="0.031292"/>
        <testcase name="test_publish_rules with data set &quot;same level non-owner level 3 can&quot;" class="Tests\Unit\Policies\CommentPolicyTest" classname="Tests.Unit.Policies.CommentPolicyTest" file="/Applications/XAMPP/xamppfiles/htdocs/faq/tests/Unit/Policies/CommentPolicyTest.php" line="60" assertions="1" time="0.037138"/>
        <testcase name="test_publish_rules with data set &quot;already published blocked&quot;" class="Tests\Unit\Policies\CommentPolicyTest" classname="Tests.Unit.Policies.CommentPolicyTest" file="/Applications/XAMPP/xamppfiles/htdocs/faq/tests/Unit/Policies/CommentPolicyTest.php" line="60" assertions="1" time="0.047419"/>
      </testsuite>
      <testcase name="test_view_any_view_and_create_are_always_allowed" class="Tests\Unit\Policies\CommentPolicyTest" classname="Tests.Unit.Policies.CommentPolicyTest" file="/Applications/XAMPP/xamppfiles/htdocs/faq/tests/Unit/Policies/CommentPolicyTest.php" line="24" assertions="3" time="0.893514"/>
      <testcase name="test_update_and_delete_only_for_owner_of_unpublished_comment" class="Tests\Unit\Policies\CommentPolicyTest" classname="Tests.Unit.Policies.CommentPolicyTest" file="/Applications/XAMPP/xamppfiles/htdocs/faq/tests/Unit/Policies/CommentPolicyTest.php" line="34" assertions="6" time="0.060726"/>
      <testcase name="test_admin_cannot_update_or_delete_others_draft" class="Tests\Unit\Policies\CommentPolicyTest" classname="Tests.Unit.Policies.CommentPolicyTest" file="/Applications/XAMPP/xamppfiles/htdocs/faq/tests/Unit/Policies/CommentPolicyTest.php" line="49" assertions="2" time="0.037360"/>
    </testsuite>
    <testsuite name="Tests\Unit\Policies\QuestionPolicyTest" file="/Applications/XAMPP/xamppfiles/htdocs/faq/tests/Unit/Policies/QuestionPolicyTest.php" tests="13" assertions="26" errors="0" failures="0" skipped="0" time="0.484464">
      <testsuite name="Tests\Unit\Policies\QuestionPolicyTest::test_publish_rules" tests="6" assertions="6" errors="0" failures="0" skipped="0" time="0.229688">
        <testcase name="test_publish_rules with data set &quot;owner level 2 can publish own&quot;" class="Tests\Unit\Policies\QuestionPolicyTest" classname="Tests.Unit.Policies.QuestionPolicyTest" file="/Applications/XAMPP/xamppfiles/htdocs/faq/tests/Unit/Policies/QuestionPolicyTest.php" line="71" assertions="1" time="0.042056"/>
        <testcase name="test_publish_rules with data set &quot;owner level 1 cannot publish own&quot;" class="Tests\Unit\Policies\QuestionPolicyTest" classname="Tests.Unit.Policies.QuestionPolicyTest" file="/Applications/XAMPP/xamppfiles/htdocs/faq/tests/Unit/Policies/QuestionPolicyTest.php" line="71" assertions="1" time="0.032678"/>
        <testcase name="test_publish_rules with data set &quot;higher level can publish lower&quot;" class="Tests\Unit\Policies\QuestionPolicyTest" classname="Tests.Unit.Policies.QuestionPolicyTest" file="/Applications/XAMPP/xamppfiles/htdocs/faq/tests/Unit/Policies/QuestionPolicyTest.php" line="71" assertions="1" time="0.041546"/>
        <testcase name="test_publish_rules with data set &quot;same level non-owner cannot&quot;" class="Tests\Unit\Policies\QuestionPolicyTest" classname="Tests.Unit.Policies.QuestionPolicyTest" file="/Applications/XAMPP/xamppfiles/htdocs/faq/tests/Unit/Policies/QuestionPolicyTest.php" line="71" assertions="1" time="0.038235"/>
        <testcase name="test_publish_rules with data set &quot;lower level cannot publish higher&quot;" class="Tests\Unit\Policies\QuestionPolicyTest" classname="Tests.Unit.Policies.QuestionPolicyTest" file="/Applications/XAMPP/xamppfiles/htdocs/faq/tests/Unit/Policies/QuestionPolicyTest.php" line="71" assertions="1" time="0.038665"/>
        <testcase name="test_publish_rules with data set &quot;already published blocked&quot;" class="Tests\Unit\Policies\QuestionPolicyTest" classname="Tests.Unit.Policies.QuestionPolicyTest" file="/Applications/XAMPP/xamppfiles/htdocs/faq/tests/Unit/Policies/QuestionPolicyTest.php" line="71" assertions="1" time="0.036509"/>
      </testsuite>
      <testcase name="test_view_any_allows_guests_and_users" class="Tests\Unit\Policies\QuestionPolicyTest" classname="Tests.Unit.Policies.QuestionPolicyTest" file="/Applications/XAMPP/xamppfiles/htdocs/faq/tests/Unit/Policies/QuestionPolicyTest.php" line="24" assertions="2" time="0.026107"/>
      <testcase name="test_view_published_allows_guests" class="Tests\Unit\Policies\QuestionPolicyTest" classname="Tests.Unit.Policies.QuestionPolicyTest" file="/Applications/XAMPP/xamppfiles/htdocs/faq/tests/Unit/Policies/QuestionPolicyTest.php" line="30" assertions="1" time="0.039609"/>
      <testcase name="test_view_unpublished_allows_owner_and_higher_level_only" class="Tests\Unit\Policies\QuestionPolicyTest" classname="Tests.Unit.Policies.QuestionPolicyTest" file="/Applications/XAMPP/xamppfiles/htdocs/faq/tests/Unit/Policies/QuestionPolicyTest.php" line="37" assertions="4" time="0.034292"/>
      <testcase name="test_create_always_allows_authenticated_users" class="Tests\Unit\Policies\QuestionPolicyTest" classname="Tests.Unit.Policies.QuestionPolicyTest" file="/Applications/XAMPP/xamppfiles/htdocs/faq/tests/Unit/Policies/QuestionPolicyTest.php" line="50" assertions="1" time="0.032372"/>
      <testcase name="test_update_and_delete_only_for_owner_of_unpublished_question" class="Tests\Unit\Policies\QuestionPolicyTest" classname="Tests.Unit.Policies.QuestionPolicyTest" file="/Applications/XAMPP/xamppfiles/htdocs/faq/tests/Unit/Policies/QuestionPolicyTest.php" line="55" assertions="6" time="0.041618"/>
      <testcase name="test_feature_requires_level_four_published_not_own_under_limit" class="Tests\Unit\Policies\QuestionPolicyTest" classname="Tests.Unit.Policies.QuestionPolicyTest" file="/Applications/XAMPP/xamppfiles/htdocs/faq/tests/Unit/Policies/QuestionPolicyTest.php" line="94" assertions="3" time="0.043184"/>
      <testcase name="test_unfeature_requires_featured_published_not_own" class="Tests\Unit\Policies\QuestionPolicyTest" classname="Tests.Unit.Policies.QuestionPolicyTest" file="/Applications/XAMPP/xamppfiles/htdocs/faq/tests/Unit/Policies/QuestionPolicyTest.php" line="108" assertions="3" time="0.037592"/>
    </testsuite>
    <testsuite name="Tests\Unit\Policies\TagPolicyTest" file="/Applications/XAMPP/xamppfiles/htdocs/faq/tests/Unit/Policies/TagPolicyTest.php" tests="6" assertions="18" errors="0" failures="0" skipped="0" time="0.209563">
      <testsuite name="Tests\Unit\Policies\TagPolicyTest::test_write_abilities_require_admin" tests="3" assertions="6" errors="0" failures="0" skipped="0" time="0.10077">
        <testcase name="test_write_abilities_require_admin with data set &quot;create&quot;" class="Tests\Unit\Policies\TagPolicyTest" classname="Tests.Unit.Policies.TagPolicyTest" file="/Applications/XAMPP/xamppfiles/htdocs/faq/tests/Unit/Policies/TagPolicyTest.php" line="41" assertions="2" time="0.033717"/>
        <testcase name="test_write_abilities_require_admin with data set &quot;update&quot;" class="Tests\Unit\Policies\TagPolicyTest" classname="Tests.Unit.Policies.TagPolicyTest" file="/Applications/XAMPP/xamppfiles/htdocs/faq/tests/Unit/Policies/TagPolicyTest.php" line="41" assertions="2" time="0.033251"/>
        <testcase name="test_write_abilities_require_admin with data set &quot;delete&quot;" class="Tests\Unit\Policies\TagPolicyTest" classname="Tests.Unit.Policies.TagPolicyTest" file="/Applications/XAMPP/xamppfiles/htdocs/faq/tests/Unit/Policies/TagPolicyTest.php" line="41" assertions="2" time="0.033802"/>
      </testsuite>
      <testcase name="test_view_any_allows_guests_and_users" class="Tests\Unit\Policies\TagPolicyTest" classname="Tests.Unit.Policies.TagPolicyTest" file="/Applications/XAMPP/xamppfiles/htdocs/faq/tests/Unit/Policies/TagPolicyTest.php" line="24" assertions="3" time="0.038738"/>
      <testcase name="test_view_allows_guests_and_users" class="Tests\Unit\Policies\TagPolicyTest" classname="Tests.Unit.Policies.TagPolicyTest" file="/Applications/XAMPP/xamppfiles/htdocs/faq/tests/Unit/Policies/TagPolicyTest.php" line="31" assertions="3" time="0.029119"/>
      <testcase name="test_is_admin_is_role_based_not_level_based" class="Tests\Unit\Policies\TagPolicyTest" classname="Tests.Unit.Policies.TagPolicyTest" file="/Applications/XAMPP/xamppfiles/htdocs/faq/tests/Unit/Policies/TagPolicyTest.php" line="67" assertions="6" time="0.040937"/>
    </testsuite>
    <testsuite name="Tests\Unit\Rules\SecureImageTest" file="/Applications/XAMPP/xamppfiles/htdocs/faq/tests/Unit/Rules/SecureImageTest.php" tests="21" assertions="43" errors="0" failures="0" skipped="0" time="0.684194">
      <testsuite name="Tests\Unit\Rules\SecureImageTest::test_dangerous_filenames_fail" tests="7" assertions="14" errors="0" failures="0" skipped="0" time="0.193543">
        <testcase name="test_dangerous_filenames_fail with data set &quot;php double ext&quot;" class="Tests\Unit\Rules\SecureImageTest" classname="Tests.Unit.Rules.SecureImageTest" file="/Applications/XAMPP/xamppfiles/htdocs/faq/tests/Unit/Rules/SecureImageTest.php" line="73" assertions="2" time="0.026475"/>
        <testcase name="test_dangerous_filenames_fail with data set &quot;phtml double ext&quot;" class="Tests\Unit\Rules\SecureImageTest" classname="Tests.Unit.Rules.SecureImageTest" file="/Applications/XAMPP/xamppfiles/htdocs/faq/tests/Unit/Rules/SecureImageTest.php" line="73" assertions="2" time="0.026564"/>
        <testcase name="test_dangerous_filenames_fail with data set &quot;phar double ext&quot;" class="Tests\Unit\Rules\SecureImageTest" classname="Tests.Unit.Rules.SecureImageTest" file="/Applications/XAMPP/xamppfiles/htdocs/faq/tests/Unit/Rules/SecureImageTest.php" line="73" assertions="2" time="0.033137"/>
        <testcase name="test_dangerous_filenames_fail with data set &quot;js double ext&quot;" class="Tests\Unit\Rules\SecureImageTest" classname="Tests.Unit.Rules.SecureImageTest" file="/Applications/XAMPP/xamppfiles/htdocs/faq/tests/Unit/Rules/SecureImageTest.php" line="73" assertions="2" time="0.027667"/>
        <testcase name="test_dangerous_filenames_fail with data set &quot;svg extension&quot;" class="Tests\Unit\Rules\SecureImageTest" classname="Tests.Unit.Rules.SecureImageTest" file="/Applications/XAMPP/xamppfiles/htdocs/faq/tests/Unit/Rules/SecureImageTest.php" line="73" assertions="2" time="0.029654"/>
        <testcase name="test_dangerous_filenames_fail with data set &quot;html extension&quot;" class="Tests\Unit\Rules\SecureImageTest" classname="Tests.Unit.Rules.SecureImageTest" file="/Applications/XAMPP/xamppfiles/htdocs/faq/tests/Unit/Rules/SecureImageTest.php" line="73" assertions="2" time="0.024436"/>
        <testcase name="test_dangerous_filenames_fail with data set &quot;exe extension&quot;" class="Tests\Unit\Rules\SecureImageTest" classname="Tests.Unit.Rules.SecureImageTest" file="/Applications/XAMPP/xamppfiles/htdocs/faq/tests/Unit/Rules/SecureImageTest.php" line="73" assertions="2" time="0.025610"/>
      </testsuite>
      <testcase name="test_valid_jpeg_passes" class="Tests\Unit\Rules\SecureImageTest" classname="Tests.Unit.Rules.SecureImageTest" file="/Applications/XAMPP/xamppfiles/htdocs/faq/tests/Unit/Rules/SecureImageTest.php" line="34" assertions="1" time="0.049370"/>
      <testcase name="test_valid_png_passes" class="Tests\Unit\Rules\SecureImageTest" classname="Tests.Unit.Rules.SecureImageTest" file="/Applications/XAMPP/xamppfiles/htdocs/faq/tests/Unit/Rules/SecureImageTest.php" line="39" assertions="1" time="0.032665"/>
      <testcase name="test_valid_webp_passes" class="Tests\Unit\Rules\SecureImageTest" classname="Tests.Unit.Rules.SecureImageTest" file="/Applications/XAMPP/xamppfiles/htdocs/faq/tests/Unit/Rules/SecureImageTest.php" line="44" assertions="1" time="0.059777"/>
      <testcase name="test_non_uploaded_file_fails" class="Tests\Unit\Rules\SecureImageTest" classname="Tests.Unit.Rules.SecureImageTest" file="/Applications/XAMPP/xamppfiles/htdocs/faq/tests/Unit/Rules/SecureImageTest.php" line="49" assertions="1" time="0.030260"/>
      <testcase name="test_empty_file_fails" class="Tests\Unit\Rules\SecureImageTest" classname="Tests.Unit.Rules.SecureImageTest" file="/Applications/XAMPP/xamppfiles/htdocs/faq/tests/Unit/Rules/SecureImageTest.php" line="59" assertions="2" time="0.027263"/>
      <testcase name="test_file_exceeding_custom_max_size_fails" class="Tests\Unit\Rules\SecureImageTest" classname="Tests.Unit.Rules.SecureImageTest" file="/Applications/XAMPP/xamppfiles/htdocs/faq/tests/Unit/Rules/SecureImageTest.php" line="64" assertions="2" time="0.034106"/>
      <testcase name="test_gif_is_rejected_by_default_allowlist" class="Tests\Unit\Rules\SecureImageTest" classname="Tests.Unit.Rules.SecureImageTest" file="/Applications/XAMPP/xamppfiles/htdocs/faq/tests/Unit/Rules/SecureImageTest.php" line="91" assertions="2" time="0.039005"/>
      <testcase name="test_null_byte_in_filename_fails" class="Tests\Unit\Rules\SecureImageTest" classname="Tests.Unit.Rules.SecureImageTest" file="/Applications/XAMPP/xamppfiles/htdocs/faq/tests/Unit/Rules/SecureImageTest.php" line="96" assertions="2" time="0.033772"/>
      <testcase name="test_php_polyglot_content_fails" class="Tests\Unit\Rules\SecureImageTest" classname="Tests.Unit.Rules.SecureImageTest" file="/Applications/XAMPP/xamppfiles/htdocs/faq/tests/Unit/Rules/SecureImageTest.php" line="109" assertions="2" time="0.030892"/>
      <testcase name="test_script_tag_in_content_fails" class="Tests\Unit\Rules\SecureImageTest" classname="Tests.Unit.Rules.SecureImageTest" file="/Applications/XAMPP/xamppfiles/htdocs/faq/tests/Unit/Rules/SecureImageTest.php" line="123" assertions="2" time="0.026705"/>
      <testcase name="test_dimension_constraints_are_enforced" class="Tests\Unit\Rules\SecureImageTest" classname="Tests.Unit.Rules.SecureImageTest" file="/Applications/XAMPP/xamppfiles/htdocs/faq/tests/Unit/Rules/SecureImageTest.php" line="137" assertions="5" time="0.031187"/>
      <testcase name="test_pixel_count_limit_is_enforced" class="Tests\Unit\Rules\SecureImageTest" classname="Tests.Unit.Rules.SecureImageTest" file="/Applications/XAMPP/xamppfiles/htdocs/faq/tests/Unit/Rules/SecureImageTest.php" line="150" assertions="3" time="0.027734"/>
      <testcase name="test_custom_mime_allowlist_rejects_disallowed_types" class="Tests\Unit\Rules\SecureImageTest" classname="Tests.Unit.Rules.SecureImageTest" file="/Applications/XAMPP/xamppfiles/htdocs/faq/tests/Unit/Rules/SecureImageTest.php" line="158" assertions="3" time="0.036565"/>
      <testcase name="test_zip_signature_at_start_fails" class="Tests\Unit\Rules\SecureImageTest" classname="Tests.Unit.Rules.SecureImageTest" file="/Applications/XAMPP/xamppfiles/htdocs/faq/tests/Unit/Rules/SecureImageTest.php" line="166" assertions="2" time="0.031350"/>
    </testsuite>
    <testsuite name="Tests\Unit\Services\QuestionFilterServiceTest" file="/Applications/XAMPP/xamppfiles/htdocs/faq/tests/Unit/Services/QuestionFilterServiceTest.php" tests="5" assertions="16" errors="0" failures="0" skipped="0" time="0.360345">
      <testcase name="test_get_paginated_questions_defaults_to_ten_per_page" class="Tests\Unit\Services\QuestionFilterServiceTest" classname="Tests.Unit.Services.QuestionFilterServiceTest" file="/Applications/XAMPP/xamppfiles/htdocs/faq/tests/Unit/Services/QuestionFilterServiceTest.php" line="27" assertions="3" time="0.119598"/>
      <testcase name="test_filter_by_category_and_tags" class="Tests\Unit\Services\QuestionFilterServiceTest" classname="Tests.Unit.Services.QuestionFilterServiceTest" file="/Applications/XAMPP/xamppfiles/htdocs/faq/tests/Unit/Services/QuestionFilterServiceTest.php" line="38" assertions="2" time="0.054412"/>
      <testcase name="test_filter_unanswered_unsolved_solved_unpublished" class="Tests\Unit\Services\QuestionFilterServiceTest" classname="Tests.Unit.Services.QuestionFilterServiceTest" file="/Applications/XAMPP/xamppfiles/htdocs/faq/tests/Unit/Services/QuestionFilterServiceTest.php" line="59" assertions="9" time="0.082050"/>
      <testcase name="test_sort_orders_by_requested_field" class="Tests\Unit\Services\QuestionFilterServiceTest" classname="Tests.Unit.Services.QuestionFilterServiceTest" file="/Applications/XAMPP/xamppfiles/htdocs/faq/tests/Unit/Services/QuestionFilterServiceTest.php" line="97" assertions="1" time="0.052034"/>
      <testcase name="test_without_filters_orders_by_pin_status_for_authenticated_user" class="Tests\Unit\Services\QuestionFilterServiceTest" classname="Tests.Unit.Services.QuestionFilterServiceTest" file="/Applications/XAMPP/xamppfiles/htdocs/faq/tests/Unit/Services/QuestionFilterServiceTest.php" line="116" assertions="1" time="0.052251"/>
    </testsuite>
  </testsuite>
</testsuites>
